{"meta": {"format": 3, "version": "7.13.5", "timestamp": "2026-03-29T09:44:05.840412", "branch_coverage": false, "show_contexts": false}, "files": {"src/notas_lave/__init__.py": {"executed_lines": [], "summary": {"covered_lines": 0, "num_statements": 0, "percent_covered": 100.0, "percent_covered_display": "100", "missing_lines": 0, "excluded_lines": 0, "percent_statements_covered": 100.0, "percent_statements_covered_display": "100"}, "missing_lines": [], "excluded_lines": [], "functions": {"": {"executed_lines": [], "summary": {"covered_lines": 0, "num_statements": 0, "percent_covered": 100.0, "percent_covered_display": "100", "missing_lines": 0, "excluded_lines": 0, "percent_statements_covered": 100.0, "percent_statements_covered_display": "100"}, "missing_lines": [], "excluded_lines": [], "start_line": 1}}, "classes": {"": {"executed_lines": [], "summary": {"covered_lines": 0, "num_statements": 0, "percent_covered": 100.0, "percent_covered_display": "100", "missing_lines": 0, "excluded_lines": 0, "percent_statements_covered": 100.0, "percent_statements_covered_display": "100"}, "missing_lines": [], "excluded_lines": [], "start_line": 1}}}, "src/notas_lave/alerts/__init__.py": {"executed_lines": [], "summary": {"covered_lines": 0, "num_statements": 0, "percent_covered": 100.0, "percent_covered_display": "100", "missing_lines": 0, "excluded_lines": 0, "percent_statements_covered": 100.0, "percent_statements_covered_display": "100"}, "missing_lines": [], "excluded_lines": [], "functions": {"": {"executed_lines": [], "summary": {"covered_lines": 0, "num_statements": 0, "percent_covered": 100.0, "percent_covered_display": "100", "missing_lines": 0, "excluded_lines": 0, "percent_statements_covered": 100.0, "percent_statements_covered_display": "100"}, "missing_lines": [], "excluded_lines": [], "start_line": 1}}, "classes": {"": {"executed_lines": [], "summary": {"covered_lines": 0, "num_statements": 0, "percent_covered": 100.0, "percent_covered_display": "100", "missing_lines": 0, "excluded_lines": 0, "percent_statements_covered": 100.0, "percent_statements_covered_display": "100"}, "missing_lines": [], "excluded_lines": [], "start_line": 1}}}, "src/notas_lave/alerts/scanner.py": {"executed_lines": [], "summary": {"covered_lines": 0, "num_statements": 81, "percent_covered": 0.0, "percent_covered_display": "0", "missing_lines": 81, "excluded_lines": 0, "percent_statements_covered": 0.0, "percent_statements_covered_display": "0"}, "missing_lines": [14, 15, 16, 18, 19, 20, 21, 22, 23, 26, 37, 43, 44, 45, 46, 47, 48, 50, 51, 53, 54, 55, 56, 57, 58, 60, 61, 63, 68, 71, 75, 76, 77, 80, 82, 83, 84, 85, 87, 88, 89, 90, 92, 94, 96, 109, 121, 122, 123, 124, 130, 132, 133, 134, 136, 138, 140, 141, 144, 145, 146, 147, 149, 150, 153, 161, 162, 163, 164, 165, 166, 167, 169, 171, 173, 174, 175, 176, 178, 180, 193], "excluded_lines": [], "functions": {"AlertScanner.__init__": {"executed_lines": [], "summary": {"covered_lines": 0, "num_statements": 6, "percent_covered": 0.0, "percent_covered_display": "0", "missing_lines": 6, "excluded_lines": 0, "percent_statements_covered": 0.0, "percent_statements_covered_display": "0"}, "missing_lines": [43, 44, 45, 46, 47, 48], "excluded_lines": [], "start_line": 37}, "AlertScanner._cooldown_key": {"executed_lines": [], "summary": {"covered_lines": 0, "num_statements": 1, "percent_covered": 0.0, "percent_covered_display": "0", "missing_lines": 1, "excluded_lines": 0, "percent_statements_covered": 0.0, "percent_statements_covered_display": "0"}, "missing_lines": [51], "excluded_lines": [], "start_line": 50}, "AlertScanner._is_on_cooldown": {"executed_lines": [], "summary": {"covered_lines": 0, "num_statements": 5, "percent_covered": 0.0, "percent_covered_display": "0", "missing_lines": 5, "excluded_lines": 0, "percent_statements_covered": 0.0, "percent_statements_covered_display": "0"}, "missing_lines": [54, 55, 56, 57, 58], "excluded_lines": [], "start_line": 53}, "AlertScanner._record_alert": {"executed_lines": [], "summary": {"covered_lines": 0, "num_statements": 1, "percent_covered": 0.0, "percent_covered_display": "0", "missing_lines": 1, "excluded_lines": 0, "percent_statements_covered": 0.0, "percent_statements_covered_display": "0"}, "missing_lines": [61], "excluded_lines": [], "start_line": 60}, "AlertScanner.scan_once": {"executed_lines": [], "summary": {"covered_lines": 0, "num_statements": 27, "percent_covered": 0.0, "percent_covered_display": "0", "missing_lines": 27, "excluded_lines": 0, "percent_statements_covered": 0.0, "percent_statements_covered_display": "0"}, "missing_lines": [68, 71, 75, 76, 77, 80, 82, 83, 84, 85, 87, 88, 89, 90, 92, 94, 96, 109, 121, 122, 123, 124, 130, 132, 133, 134, 136], "excluded_lines": [], "start_line": 63}, "AlertScanner.start": {"executed_lines": [], "summary": {"covered_lines": 0, "num_statements": 11, "percent_covered": 0.0, "percent_covered_display": "0", "missing_lines": 11, "excluded_lines": 0, "percent_statements_covered": 0.0, "percent_statements_covered_display": "0"}, "missing_lines": [140, 141, 144, 145, 146, 147, 149, 150, 153, 161, 169], "excluded_lines": [], "start_line": 138}, "AlertScanner.start.scan_loop": {"executed_lines": [], "summary": {"covered_lines": 0, "num_statements": 6, "percent_covered": 0.0, "percent_covered_display": "0", "missing_lines": 6, "excluded_lines": 0, "percent_statements_covered": 0.0, "percent_statements_covered_display": "0"}, "missing_lines": [162, 163, 164, 165, 166, 167], "excluded_lines": [], "start_line": 161}, "AlertScanner.stop": {"executed_lines": [], "summary": {"covered_lines": 0, "num_statements": 4, "percent_covered": 0.0, "percent_covered_display": "0", "missing_lines": 4, "excluded_lines": 0, "percent_statements_covered": 0.0, "percent_statements_covered_display": "0"}, "missing_lines": [173, 174, 175, 176], "excluded_lines": [], "start_line": 171}, "AlertScanner.get_status": {"executed_lines": [], "summary": {"covered_lines": 0, "num_statements": 1, "percent_covered": 0.0, "percent_covered_display": "0", "missing_lines": 1, "excluded_lines": 0, "percent_statements_covered": 0.0, "percent_statements_covered_display": "0"}, "missing_lines": [180], "excluded_lines": [], "start_line": 178}, "": {"executed_lines": [], "summary": {"covered_lines": 0, "num_statements": 19, "percent_covered": 0.0, "percent_covered_display": "0", "missing_lines": 19, "excluded_lines": 0, "percent_statements_covered": 0.0, "percent_statements_covered_display": "0"}, "missing_lines": [14, 15, 16, 18, 19, 20, 21, 22, 23, 26, 37, 50, 53, 60, 63, 138, 171, 178, 193], "excluded_lines": [], "start_line": 1}}, "classes": {"AlertScanner": {"executed_lines": [], "summary": {"covered_lines": 0, "num_statements": 62, "percent_covered": 0.0, "percent_covered_display": "0", "missing_lines": 62, "excluded_lines": 0, "percent_statements_covered": 0.0, "percent_statements_covered_display": "0"}, "missing_lines": [43, 44, 45, 46, 47, 48, 51, 54, 55, 56, 57, 58, 61, 68, 71, 75, 76, 77, 80, 82, 83, 84, 85, 87, 88, 89, 90, 92, 94, 96, 109, 121, 122, 123, 124, 130, 132, 133, 134, 136, 140, 141, 144, 145, 146, 147, 149, 150, 153, 161, 162, 163, 164, 165, 166, 167, 169, 173, 174, 175, 176, 180], "excluded_lines": [], "start_line": 26}, "": {"executed_lines": [], "summary": {"covered_lines": 0, "num_statements": 19, "percent_covered": 0.0, "percent_covered_display": "0", "missing_lines": 19, "excluded_lines": 0, "percent_statements_covered": 0.0, "percent_statements_covered_display": "0"}, "missing_lines": [14, 15, 16, 18, 19, 20, 21, 22, 23, 26, 37, 50, 53, 60, 63, 138, 171, 178, 193], "excluded_lines": [], "start_line": 1}}}, "src/notas_lave/alerts/telegram.py": {"executed_lines": [], "summary": {"covered_lines": 0, "num_statements": 70, "percent_covered": 0.0, "percent_covered_display": "0", "missing_lines": 70, "excluded_lines": 0, "percent_statements_covered": 0.0, "percent_statements_covered_display": "0"}, "missing_lines": [23, 24, 26, 27, 28, 30, 33, 34, 36, 39, 42, 45, 46, 50, 53, 56, 57, 58, 61, 63, 64, 66, 68, 69, 70, 76, 77, 78, 79, 82, 87, 88, 89, 90, 91, 93, 94, 95, 101, 104, 117, 118, 120, 128, 129, 130, 131, 132, 133, 134, 135, 138, 139, 140, 141, 142, 143, 144, 145, 147, 148, 149, 151, 154, 159, 160, 171, 176, 177, 184], "excluded_lines": [], "functions": {"_get_client": {"executed_lines": [], "summary": {"covered_lines": 0, "num_statements": 3, "percent_covered": 0.0, "percent_covered_display": "0", "missing_lines": 3, "excluded_lines": 0, "percent_statements_covered": 0.0, "percent_statements_covered_display": "0"}, "missing_lines": [45, 46, 50], "excluded_lines": [], "start_line": 42}, "cleanup_telegram_client": {"executed_lines": [], "summary": {"covered_lines": 0, "num_statements": 3, "percent_covered": 0.0, "percent_covered_display": "0", "missing_lines": 3, "excluded_lines": 0, "percent_statements_covered": 0.0, "percent_statements_covered_display": "0"}, "missing_lines": [56, 57, 58], "excluded_lines": [], "start_line": 53}, "send_telegram": {"executed_lines": [], "summary": {"covered_lines": 0, "num_statements": 10, "percent_covered": 0.0, "percent_covered_display": "0", "missing_lines": 10, "excluded_lines": 0, "percent_statements_covered": 0.0, "percent_statements_covered_display": "0"}, "missing_lines": [63, 64, 66, 68, 69, 70, 76, 77, 78, 79], "excluded_lines": [], "start_line": 61}, "send_error_alert": {"executed_lines": [], "summary": {"covered_lines": 0, "num_statements": 9, "percent_covered": 0.0, "percent_covered_display": "0", "missing_lines": 9, "excluded_lines": 0, "percent_statements_covered": 0.0, "percent_statements_covered_display": "0"}, "missing_lines": [87, 88, 89, 90, 91, 93, 94, 95, 101], "excluded_lines": [], "start_line": 82}, "format_signal_alert": {"executed_lines": [], "summary": {"covered_lines": 0, "num_statements": 23, "percent_covered": 0.0, "percent_covered_display": "0", "missing_lines": 23, "excluded_lines": 0, "percent_statements_covered": 0.0, "percent_statements_covered_display": "0"}, "missing_lines": [117, 118, 120, 128, 129, 130, 131, 132, 133, 134, 135, 138, 139, 140, 141, 142, 143, 144, 145, 147, 148, 149, 151], "excluded_lines": [], "start_line": 104}, "format_trade_opened": {"executed_lines": [], "summary": {"covered_lines": 0, "num_statements": 2, "percent_covered": 0.0, "percent_covered_display": "0", "missing_lines": 2, "excluded_lines": 0, "percent_statements_covered": 0.0, "percent_statements_covered_display": "0"}, "missing_lines": [159, 160], "excluded_lines": [], "start_line": 154}, "format_trade_closed": {"executed_lines": [], "summary": {"covered_lines": 0, "num_statements": 3, "percent_covered": 0.0, "percent_covered_display": "0", "missing_lines": 3, "excluded_lines": 0, "percent_statements_covered": 0.0, "percent_statements_covered_display": "0"}, "missing_lines": [176, 177, 184], "excluded_lines": [], "start_line": 171}, "": {"executed_lines": [], "summary": {"covered_lines": 0, "num_statements": 17, "percent_covered": 0.0, "percent_covered_display": "0", "missing_lines": 17, "excluded_lines": 0, "percent_statements_covered": 0.0, "percent_statements_covered_display": "0"}, "missing_lines": [23, 24, 26, 27, 28, 30, 33, 34, 36, 39, 42, 53, 61, 82, 104, 154, 171], "excluded_lines": [], "start_line": 1}}, "classes": {"": {"executed_lines": [], "summary": {"covered_lines": 0, "num_statements": 70, "percent_covered": 0.0, "percent_covered_display": "0", "missing_lines": 70, "excluded_lines": 0, "percent_statements_covered": 0.0, "percent_statements_covered_display": "0"}, "missing_lines": [23, 24, 26, 27, 28, 30, 33, 34, 36, 39, 42, 45, 46, 50, 53, 56, 57, 58, 61, 63, 64, 66, 68, 69, 70, 76, 77, 78, 79, 82, 87, 88, 89, 90, 91, 93, 94, 95, 101, 104, 117, 118, 120, 128, 129, 130, 131, 132, 133, 134, 135, 138, 139, 140, 141, 142, 143, 144, 145, 147, 148, 149, 151, 154, 159, 160, 171, 176, 177, 184], "excluded_lines": [], "start_line": 1}}}, "src/notas_lave/api/__init__.py": {"executed_lines": [], "summary": {"covered_lines": 0, "num_statements": 0, "percent_covered": 100.0, "percent_covered_display": "100", "missing_lines": 0, "excluded_lines": 0, "percent_statements_covered": 100.0, "percent_statements_covered_display": "100"}, "missing_lines": [], "excluded_lines": [], "functions": {"": {"executed_lines": [], "summary": {"covered_lines": 0, "num_statements": 0, "percent_covered": 100.0, "percent_covered_display": "100", "missing_lines": 0, "excluded_lines": 0, "percent_statements_covered": 100.0, "percent_statements_covered_display": "100"}, "missing_lines": [], "excluded_lines": [], "start_line": 1}}, "classes": {"": {"executed_lines": [], "summary": {"covered_lines": 0, "num_statements": 0, "percent_covered": 100.0, "percent_covered_display": "100", "missing_lines": 0, "excluded_lines": 0, "percent_statements_covered": 100.0, "percent_statements_covered_display": "100"}, "missing_lines": [], "excluded_lines": [], "start_line": 1}}}, "src/notas_lave/api/app.py": {"executed_lines": [12, 13, 14, 15, 16, 17, 19, 21, 22, 23, 25, 26, 27, 30, 31, 33, 34, 35, 36, 37, 38, 39, 40, 41, 42, 45, 48, 49, 51, 54, 56, 58, 60, 71, 72, 101, 110, 111, 121, 123, 124, 125, 126, 134, 135, 136, 137, 138, 140, 141, 142, 143, 144, 146], "summary": {"covered_lines": 54, "num_statements": 82, "percent_covered": 65.85365853658537, "percent_covered_display": "66", "missing_lines": 28, "excluded_lines": 0, "percent_statements_covered": 65.85365853658537, "percent_statements_covered_display": "66"}, "missing_lines": [50, 62, 63, 64, 65, 66, 67, 68, 69, 76, 77, 80, 81, 84, 86, 89, 90, 93, 94, 97, 98, 99, 127, 128, 129, 130, 131, 132], "excluded_lines": [], "functions": {"get_container": {"executed_lines": [49, 51], "summary": {"covered_lines": 2, "num_statements": 3, "percent_covered": 66.66666666666667, "percent_covered_display": "67", "missing_lines": 1, "excluded_lines": 0, "percent_statements_covered": 66.66666666666667, "percent_statements_covered_display": "67"}, "missing_lines": [50], "excluded_lines": [], "start_line": 48}, "create_app": {"executed_lines": [56, 58, 60, 71, 72, 101, 110, 111, 121, 123, 124, 134, 135, 136, 137, 138, 140, 141, 142, 143, 144, 146], "summary": {"covered_lines": 22, "num_statements": 22, "percent_covered": 100.0, "percent_covered_display": "100", "missing_lines": 0, "excluded_lines": 0, "percent_statements_covered": 100.0, "percent_statements_covered_display": "100"}, "missing_lines": [], "excluded_lines": [], "start_line": 54}, "create_app._run_weekly_review": {"executed_lines": [], "summary": {"covered_lines": 0, "num_statements": 8, "percent_covered": 0.0, "percent_covered_display": "0", "missing_lines": 8, "excluded_lines": 0, "percent_statements_covered": 0.0, "percent_statements_covered_display": "0"}, "missing_lines": [62, 63, 64, 65, 66, 67, 68, 69], "excluded_lines": [], "start_line": 60}, "create_app.lifespan": {"executed_lines": [], "summary": {"covered_lines": 0, "num_statements": 13, "percent_covered": 0.0, "percent_covered_display": "0", "missing_lines": 13, "excluded_lines": 0, "percent_statements_covered": 0.0, "percent_statements_covered_display": "0"}, "missing_lines": [76, 77, 80, 81, 84, 86, 89, 90, 93, 94, 97, 98, 99], "excluded_lines": [], "start_line": 72}, "create_app.check_api_key": {"executed_lines": [125, 126], "summary": {"covered_lines": 2, "num_statements": 8, "percent_covered": 25.0, "percent_covered_display": "25", "missing_lines": 6, "excluded_lines": 0, "percent_statements_covered": 25.0, "percent_statements_covered_display": "25"}, "missing_lines": [127, 128, 129, 130, 131, 132], "excluded_lines": [], "start_line": 124}, "": {"executed_lines": [12, 13, 14, 15, 16, 17, 19, 21, 22, 23, 25, 26, 27, 30, 31, 33, 34, 35, 36, 37, 38, 39, 40, 41, 42, 45, 48, 54], "summary": {"covered_lines": 28, "num_statements": 28, "percent_covered": 100.0, "percent_covered_display": "100", "missing_lines": 0, "excluded_lines": 0, "percent_statements_covered": 100.0, "percent_statements_covered_display": "100"}, "missing_lines": [], "excluded_lines": [], "start_line": 1}}, "classes": {"Container": {"executed_lines": [], "summary": {"covered_lines": 0, "num_statements": 0, "percent_covered": 100.0, "percent_covered_display": "100", "missing_lines": 0, "excluded_lines": 0, "percent_statements_covered": 100.0, "percent_statements_covered_display": "100"}, "missing_lines": [], "excluded_lines": [], "start_line": 31}, "": {"executed_lines": [12, 13, 14, 15, 16, 17, 19, 21, 22, 23, 25, 26, 27, 30, 31, 33, 34, 35, 36, 37, 38, 39, 40, 41, 42, 45, 48, 49, 51, 54, 56, 58, 60, 71, 72, 101, 110, 111, 121, 123, 124, 125, 126, 134, 135, 136, 137, 138, 140, 141, 142, 143, 144, 146], "summary": {"covered_lines": 54, "num_statements": 82, "percent_covered": 65.85365853658537, "percent_covered_display": "66", "missing_lines": 28, "excluded_lines": 0, "percent_statements_covered": 65.85365853658537, "percent_statements_covered_display": "66"}, "missing_lines": [50, 62, 63, 64, 65, 66, 67, 68, 69, 76, 77, 80, 81, 84, 86, 89, 90, 93, 94, 97, 98, 99, 127, 128, 129, 130, 131, 132], "excluded_lines": [], "start_line": 1}}}, "src/notas_lave/api/backtest_routes.py": {"executed_lines": [3, 5, 7, 9, 11, 14, 15, 89, 90, 151, 152], "summary": {"covered_lines": 11, "num_statements": 61, "percent_covered": 18.0327868852459, "percent_covered_display": "18", "missing_lines": 50, "excluded_lines": 0, "percent_statements_covered": 18.0327868852459, "percent_statements_covered_display": "18"}, "missing_lines": [26, 27, 28, 29, 30, 32, 33, 34, 36, 37, 39, 40, 47, 49, 64, 65, 66, 74, 75, 76, 77, 79, 80, 86, 98, 99, 100, 101, 103, 104, 105, 107, 108, 110, 111, 113, 114, 115, 116, 118, 119, 121, 127, 128, 139, 141, 154, 156, 157, 159], "excluded_lines": [], "functions": {"run_arena_backtest": {"executed_lines": [], "summary": {"covered_lines": 0, "num_statements": 24, "percent_covered": 0.0, "percent_covered_display": "0", "missing_lines": 24, "excluded_lines": 0, "percent_statements_covered": 0.0, "percent_statements_covered_display": "0"}, "missing_lines": [26, 27, 28, 29, 30, 32, 33, 34, 36, 37, 39, 40, 47, 49, 64, 65, 66, 74, 75, 76, 77, 79, 80, 86], "excluded_lines": [], "start_line": 15}, "run_walk_forward": {"executed_lines": [], "summary": {"covered_lines": 0, "num_statements": 22, "percent_covered": 0.0, "percent_covered_display": "0", "missing_lines": 22, "excluded_lines": 0, "percent_statements_covered": 0.0, "percent_statements_covered_display": "0"}, "missing_lines": [98, 99, 100, 101, 103, 104, 105, 107, 108, 110, 111, 113, 114, 115, 116, 118, 119, 121, 127, 128, 139, 141], "excluded_lines": [], "start_line": 90}, "get_leaderboard": {"executed_lines": [], "summary": {"covered_lines": 0, "num_statements": 4, "percent_covered": 0.0, "percent_covered_display": "0", "missing_lines": 4, "excluded_lines": 0, "percent_statements_covered": 0.0, "percent_statements_covered_display": "0"}, "missing_lines": [154, 156, 157, 159], "excluded_lines": [], "start_line": 152}, "": {"executed_lines": [3, 5, 7, 9, 11, 14, 15, 89, 90, 151, 152], "summary": {"covered_lines": 11, "num_statements": 11, "percent_covered": 100.0, "percent_covered_display": "100", "missing_lines": 0, "excluded_lines": 0, "percent_statements_covered": 100.0, "percent_statements_covered_display": "100"}, "missing_lines": [], "excluded_lines": [], "start_line": 1}}, "classes": {"": {"executed_lines": [3, 5, 7, 9, 11, 14, 15, 89, 90, 151, 152], "summary": {"covered_lines": 11, "num_statements": 61, "percent_covered": 18.0327868852459, "percent_covered_display": "18", "missing_lines": 50, "excluded_lines": 0, "percent_statements_covered": 18.0327868852459, "percent_statements_covered_display": "18"}, "missing_lines": [26, 27, 28, 29, 30, 32, 33, 34, 36, 37, 39, 40, 47, 49, 64, 65, 66, 74, 75, 76, 77, 79, 80, 86, 98, 99, 100, 101, 103, 104, 105, 107, 108, 110, 111, 113, 114, 115, 116, 118, 119, 121, 127, 128, 139, 141, 154, 156, 157, 159], "excluded_lines": [], "start_line": 1}}}, "src/notas_lave/api/lab_routes.py": {"executed_lines": [3, 5, 7, 9, 12, 13, 32, 33, 40, 41, 63, 64, 65, 66, 84, 85, 86, 89, 90, 91, 92, 94, 106, 107, 124, 125, 130, 131, 143, 144, 162, 163, 180, 181, 192, 193, 200, 201, 211, 212, 232, 233, 251, 252, 290, 291], "summary": {"covered_lines": 46, "num_statements": 156, "percent_covered": 29.487179487179485, "percent_covered_display": "29", "missing_lines": 110, "excluded_lines": 0, "percent_statements_covered": 29.487179487179485, "percent_statements_covered_display": "29"}, "missing_lines": [15, 16, 18, 19, 20, 34, 35, 36, 42, 43, 45, 46, 47, 48, 49, 51, 60, 68, 69, 70, 71, 73, 109, 110, 113, 114, 126, 127, 132, 133, 134, 145, 146, 147, 148, 149, 164, 165, 166, 167, 168, 169, 182, 183, 184, 185, 186, 187, 188, 195, 196, 197, 206, 207, 208, 214, 215, 217, 218, 219, 222, 223, 229, 239, 240, 242, 243, 244, 245, 246, 248, 253, 254, 261, 262, 263, 264, 265, 270, 271, 272, 273, 274, 275, 276, 278, 279, 287, 293, 294, 296, 297, 298, 299, 300, 301, 302, 304, 306, 307, 309, 310, 311, 312, 313, 314, 318, 323, 324, 326], "excluded_lines": [], "functions": {"sync_positions": {"executed_lines": [], "summary": {"covered_lines": 0, "num_statements": 5, "percent_covered": 0.0, "percent_covered_display": "0", "missing_lines": 5, "excluded_lines": 0, "percent_statements_covered": 0.0, "percent_statements_covered_display": "0"}, "missing_lines": [15, 16, 18, 19, 20], "excluded_lines": [], "start_line": 13}, "sync_balance": {"executed_lines": [], "summary": {"covered_lines": 0, "num_statements": 3, "percent_covered": 0.0, "percent_covered_display": "0", "missing_lines": 3, "excluded_lines": 0, "percent_statements_covered": 0.0, "percent_statements_covered_display": "0"}, "missing_lines": [34, 35, 36], "excluded_lines": [], "start_line": 33}, "verify_data": {"executed_lines": [], "summary": {"covered_lines": 0, "num_statements": 9, "percent_covered": 0.0, "percent_covered_display": "0", "missing_lines": 9, "excluded_lines": 0, "percent_statements_covered": 0.0, "percent_statements_covered_display": "0"}, "missing_lines": [42, 43, 45, 46, 47, 48, 49, 51, 60], "excluded_lines": [], "start_line": 41}, "lab_status": {"executed_lines": [65, 66], "summary": {"covered_lines": 2, "num_statements": 7, "percent_covered": 28.571428571428573, "percent_covered_display": "29", "missing_lines": 5, "excluded_lines": 0, "percent_statements_covered": 28.571428571428573, "percent_statements_covered_display": "29"}, "missing_lines": [68, 69, 70, 71, 73], "excluded_lines": [], "start_line": 64}, "lab_trades": {"executed_lines": [86, 89, 90, 91, 92, 94], "summary": {"covered_lines": 6, "num_statements": 6, "percent_covered": 100.0, "percent_covered_display": "100", "missing_lines": 0, "excluded_lines": 0, "percent_statements_covered": 100.0, "percent_statements_covered_display": "100"}, "missing_lines": [], "excluded_lines": [], "start_line": 85}, "lab_positions": {"executed_lines": [], "summary": {"covered_lines": 0, "num_statements": 4, "percent_covered": 0.0, "percent_covered_display": "0", "missing_lines": 4, "excluded_lines": 0, "percent_statements_covered": 0.0, "percent_statements_covered_display": "0"}, "missing_lines": [109, 110, 113, 114], "excluded_lines": [], "start_line": 107}, "lab_summary": {"executed_lines": [], "summary": {"covered_lines": 0, "num_statements": 2, "percent_covered": 0.0, "percent_covered_display": "0", "missing_lines": 2, "excluded_lines": 0, "percent_statements_covered": 0.0, "percent_statements_covered_display": "0"}, "missing_lines": [126, 127], "excluded_lines": [], "start_line": 125}, "lab_strategies": {"executed_lines": [], "summary": {"covered_lines": 0, "num_statements": 3, "percent_covered": 0.0, "percent_covered_display": "0", "missing_lines": 3, "excluded_lines": 0, "percent_statements_covered": 0.0, "percent_statements_covered_display": "0"}, "missing_lines": [132, 133, 134], "excluded_lines": [], "start_line": 131}, "lab_risk": {"executed_lines": [], "summary": {"covered_lines": 0, "num_statements": 5, "percent_covered": 0.0, "percent_covered_display": "0", "missing_lines": 5, "excluded_lines": 0, "percent_statements_covered": 0.0, "percent_statements_covered_display": "0"}, "missing_lines": [145, 146, 147, 148, 149], "excluded_lines": [], "start_line": 144}, "lab_pace": {"executed_lines": [], "summary": {"covered_lines": 0, "num_statements": 6, "percent_covered": 0.0, "percent_covered_display": "0", "missing_lines": 6, "excluded_lines": 0, "percent_statements_covered": 0.0, "percent_statements_covered_display": "0"}, "missing_lines": [164, 165, 166, 167, 168, 169], "excluded_lines": [], "start_line": 163}, "set_lab_pace": {"executed_lines": [], "summary": {"covered_lines": 0, "num_statements": 7, "percent_covered": 0.0, "percent_covered_display": "0", "missing_lines": 7, "excluded_lines": 0, "percent_statements_covered": 0.0, "percent_statements_covered_display": "0"}, "missing_lines": [182, 183, 184, 185, 186, 187, 188], "excluded_lines": [], "start_line": 181}, "lab_arena": {"executed_lines": [], "summary": {"covered_lines": 0, "num_statements": 3, "percent_covered": 0.0, "percent_covered_display": "0", "missing_lines": 3, "excluded_lines": 0, "percent_statements_covered": 0.0, "percent_statements_covered_display": "0"}, "missing_lines": [195, 196, 197], "excluded_lines": [], "start_line": 193}, "lab_arena_leaderboard": {"executed_lines": [], "summary": {"covered_lines": 0, "num_statements": 3, "percent_covered": 0.0, "percent_covered_display": "0", "missing_lines": 3, "excluded_lines": 0, "percent_statements_covered": 0.0, "percent_statements_covered_display": "0"}, "missing_lines": [206, 207, 208], "excluded_lines": [], "start_line": 201}, "lab_arena_strategy": {"executed_lines": [], "summary": {"covered_lines": 0, "num_statements": 8, "percent_covered": 0.0, "percent_covered_display": "0", "missing_lines": 8, "excluded_lines": 0, "percent_statements_covered": 0.0, "percent_statements_covered_display": "0"}, "missing_lines": [214, 215, 217, 218, 219, 222, 223, 229], "excluded_lines": [], "start_line": 212}, "lab_proposals": {"executed_lines": [], "summary": {"covered_lines": 0, "num_statements": 8, "percent_covered": 0.0, "percent_covered_display": "0", "missing_lines": 8, "excluded_lines": 0, "percent_statements_covered": 0.0, "percent_statements_covered_display": "0"}, "missing_lines": [239, 240, 242, 243, 244, 245, 246, 248], "excluded_lines": [], "start_line": 233}, "lab_markets": {"executed_lines": [], "summary": {"covered_lines": 0, "num_statements": 17, "percent_covered": 0.0, "percent_covered_display": "0", "missing_lines": 17, "excluded_lines": 0, "percent_statements_covered": 0.0, "percent_statements_covered_display": "0"}, "missing_lines": [253, 254, 261, 262, 263, 264, 265, 270, 271, 272, 273, 274, 275, 276, 278, 279, 287], "excluded_lines": [], "start_line": 252}, "lab_debug_execution": {"executed_lines": [], "summary": {"covered_lines": 0, "num_statements": 22, "percent_covered": 0.0, "percent_covered_display": "0", "missing_lines": 22, "excluded_lines": 0, "percent_statements_covered": 0.0, "percent_statements_covered_display": "0"}, "missing_lines": [293, 294, 296, 297, 298, 299, 300, 301, 302, 304, 306, 307, 309, 310, 311, 312, 313, 314, 318, 323, 324, 326], "excluded_lines": [], "start_line": 291}, "": {"executed_lines": [3, 5, 7, 9, 12, 13, 32, 33, 40, 41, 63, 64, 84, 85, 106, 107, 124, 125, 130, 131, 143, 144, 162, 163, 180, 181, 192, 193, 200, 201, 211, 212, 232, 233, 251, 252, 290, 291], "summary": {"covered_lines": 38, "num_statements": 38, "percent_covered": 100.0, "percent_covered_display": "100", "missing_lines": 0, "excluded_lines": 0, "percent_statements_covered": 100.0, "percent_statements_covered_display": "100"}, "missing_lines": [], "excluded_lines": [], "start_line": 1}}, "classes": {"": {"executed_lines": [3, 5, 7, 9, 12, 13, 32, 33, 40, 41, 63, 64, 65, 66, 84, 85, 86, 89, 90, 91, 92, 94, 106, 107, 124, 125, 130, 131, 143, 144, 162, 163, 180, 181, 192, 193, 200, 201, 211, 212, 232, 233, 251, 252, 290, 291], "summary": {"covered_lines": 46, "num_statements": 156, "percent_covered": 29.487179487179485, "percent_covered_display": "29", "missing_lines": 110, "excluded_lines": 0, "percent_statements_covered": 29.487179487179485, "percent_statements_covered_display": "29"}, "missing_lines": [15, 16, 18, 19, 20, 34, 35, 36, 42, 43, 45, 46, 47, 48, 49, 51, 60, 68, 69, 70, 71, 73, 109, 110, 113, 114, 126, 127, 132, 133, 134, 145, 146, 147, 148, 149, 164, 165, 166, 167, 168, 169, 182, 183, 184, 185, 186, 187, 188, 195, 196, 197, 206, 207, 208, 214, 215, 217, 218, 219, 222, 223, 229, 239, 240, 242, 243, 244, 245, 246, 248, 253, 254, 261, 262, 263, 264, 265, 270, 271, 272, 273, 274, 275, 276, 278, 279, 287, 293, 294, 296, 297, 298, 299, 300, 301, 302, 304, 306, 307, 309, 310, 311, 312, 313, 314, 318, 323, 324, 326], "excluded_lines": [], "start_line": 1}}}, "src/notas_lave/api/learning_routes.py": {"executed_lines": [3, 5, 6, 8, 11, 12, 13, 16, 17, 18, 21, 22, 29, 30, 47, 48, 54, 55, 90, 91, 97, 98, 112, 113, 122, 123, 129, 130, 159, 160], "summary": {"covered_lines": 30, "num_statements": 58, "percent_covered": 51.724137931034484, "percent_covered_display": "52", "missing_lines": 28, "excluded_lines": 0, "percent_statements_covered": 51.724137931034484, "percent_statements_covered_display": "52"}, "missing_lines": [26, 31, 32, 50, 51, 60, 61, 62, 69, 93, 94, 100, 105, 118, 119, 125, 126, 137, 138, 140, 141, 143, 144, 146, 147, 149, 150, 161], "excluded_lines": [], "functions": {"learning_summary": {"executed_lines": [13], "summary": {"covered_lines": 1, "num_statements": 1, "percent_covered": 100.0, "percent_covered_display": "100", "missing_lines": 0, "excluded_lines": 0, "percent_statements_covered": 100.0, "percent_statements_covered_display": "100"}, "missing_lines": [], "excluded_lines": [], "start_line": 12}, "learning_strategies": {"executed_lines": [18], "summary": {"covered_lines": 1, "num_statements": 1, "percent_covered": 100.0, "percent_covered_display": "100", "missing_lines": 0, "excluded_lines": 0, "percent_statements_covered": 100.0, "percent_statements_covered_display": "100"}, "missing_lines": [], "excluded_lines": [], "start_line": 17}, "journal_trades": {"executed_lines": [], "summary": {"covered_lines": 0, "num_statements": 1, "percent_covered": 0.0, "percent_covered_display": "0", "missing_lines": 1, "excluded_lines": 0, "percent_statements_covered": 0.0, "percent_statements_covered_display": "0"}, "missing_lines": [26], "excluded_lines": [], "start_line": 22}, "journal_performance": {"executed_lines": [], "summary": {"covered_lines": 0, "num_statements": 2, "percent_covered": 0.0, "percent_covered_display": "0", "missing_lines": 2, "excluded_lines": 0, "percent_statements_covered": 0.0, "percent_statements_covered_display": "0"}, "missing_lines": [31, 32], "excluded_lines": [], "start_line": 30}, "learning_recommendations": {"executed_lines": [], "summary": {"covered_lines": 0, "num_statements": 2, "percent_covered": 0.0, "percent_covered_display": "0", "missing_lines": 2, "excluded_lines": 0, "percent_statements_covered": 0.0, "percent_statements_covered_display": "0"}, "missing_lines": [50, 51], "excluded_lines": [], "start_line": 48}, "learning_trade_grades": {"executed_lines": [], "summary": {"covered_lines": 0, "num_statements": 4, "percent_covered": 0.0, "percent_covered_display": "0", "missing_lines": 4, "excluded_lines": 0, "percent_statements_covered": 0.0, "percent_statements_covered_display": "0"}, "missing_lines": [60, 61, 62, 69], "excluded_lines": [], "start_line": 55}, "learning_analyze_now": {"executed_lines": [], "summary": {"covered_lines": 0, "num_statements": 2, "percent_covered": 0.0, "percent_covered_display": "0", "missing_lines": 2, "excluded_lines": 0, "percent_statements_covered": 0.0, "percent_statements_covered_display": "0"}, "missing_lines": [93, 94], "excluded_lines": [], "start_line": 91}, "learning_patterns": {"executed_lines": [], "summary": {"covered_lines": 0, "num_statements": 2, "percent_covered": 0.0, "percent_covered_display": "0", "missing_lines": 2, "excluded_lines": 0, "percent_statements_covered": 0.0, "percent_statements_covered_display": "0"}, "missing_lines": [100, 105], "excluded_lines": [], "start_line": 98}, "learning_accuracy": {"executed_lines": [], "summary": {"covered_lines": 0, "num_statements": 2, "percent_covered": 0.0, "percent_covered_display": "0", "missing_lines": 2, "excluded_lines": 0, "percent_statements_covered": 0.0, "percent_statements_covered_display": "0"}, "missing_lines": [118, 119], "excluded_lines": [], "start_line": 113}, "learning_review": {"executed_lines": [], "summary": {"covered_lines": 0, "num_statements": 2, "percent_covered": 0.0, "percent_covered_display": "0", "missing_lines": 2, "excluded_lines": 0, "percent_statements_covered": 0.0, "percent_statements_covered_display": "0"}, "missing_lines": [125, 126], "excluded_lines": [], "start_line": 123}, "learning_optimize": {"executed_lines": [], "summary": {"covered_lines": 0, "num_statements": 10, "percent_covered": 0.0, "percent_covered_display": "0", "missing_lines": 10, "excluded_lines": 0, "percent_statements_covered": 0.0, "percent_statements_covered_display": "0"}, "missing_lines": [137, 138, 140, 141, 143, 144, 146, 147, 149, 150], "excluded_lines": [], "start_line": 130}, "costs_summary": {"executed_lines": [], "summary": {"covered_lines": 0, "num_statements": 1, "percent_covered": 0.0, "percent_covered_display": "0", "missing_lines": 1, "excluded_lines": 0, "percent_statements_covered": 0.0, "percent_statements_covered_display": "0"}, "missing_lines": [161], "excluded_lines": [], "start_line": 160}, "": {"executed_lines": [3, 5, 6, 8, 11, 12, 16, 17, 21, 22, 29, 30, 47, 48, 54, 55, 90, 91, 97, 98, 112, 113, 122, 123, 129, 130, 159, 160], "summary": {"covered_lines": 28, "num_statements": 28, "percent_covered": 100.0, "percent_covered_display": "100", "missing_lines": 0, "excluded_lines": 0, "percent_statements_covered": 100.0, "percent_statements_covered_display": "100"}, "missing_lines": [], "excluded_lines": [], "start_line": 1}}, "classes": {"": {"executed_lines": [3, 5, 6, 8, 11, 12, 13, 16, 17, 18, 21, 22, 29, 30, 47, 48, 54, 55, 90, 91, 97, 98, 112, 113, 122, 123, 129, 130, 159, 160], "summary": {"covered_lines": 30, "num_statements": 58, "percent_covered": 51.724137931034484, "percent_covered_display": "52", "missing_lines": 28, "excluded_lines": 0, "percent_statements_covered": 51.724137931034484, "percent_statements_covered_display": "52"}, "missing_lines": [26, 31, 32, 50, 51, 60, 61, 62, 69, 93, 94, 100, 105, 118, 119, 125, 126, 137, 138, 140, 141, 143, 144, 146, 147, 149, 150, 161], "excluded_lines": [], "start_line": 1}}}, "src/notas_lave/api/system_routes.py": {"executed_lines": [3, 5, 7, 10, 11, 12, 13, 14, 17, 20, 21, 22, 23, 25, 26, 27, 28, 30, 68, 69, 91, 92, 132, 133, 172, 173, 194, 195, 197, 198, 199, 201, 202], "summary": {"covered_lines": 33, "num_statements": 73, "percent_covered": 45.205479452054796, "percent_covered_display": "45", "missing_lines": 40, "excluded_lines": 0, "percent_statements_covered": 45.205479452054796, "percent_statements_covered_display": "45"}, "missing_lines": [15, 16, 70, 71, 73, 74, 75, 76, 77, 78, 84, 85, 86, 88, 93, 94, 96, 102, 103, 104, 105, 106, 107, 108, 110, 111, 116, 126, 127, 129, 137, 138, 140, 141, 142, 144, 145, 174, 175, 176], "excluded_lines": [], "functions": {"health": {"executed_lines": [12, 13, 14, 17], "summary": {"covered_lines": 4, "num_statements": 6, "percent_covered": 66.66666666666667, "percent_covered_display": "67", "missing_lines": 2, "excluded_lines": 0, "percent_statements_covered": 66.66666666666667, "percent_statements_covered_display": "67"}, "missing_lines": [15, 16], "excluded_lines": [], "start_line": 11}, "system_health": {"executed_lines": [22, 23, 25, 26, 27, 28, 30], "summary": {"covered_lines": 7, "num_statements": 7, "percent_covered": 100.0, "percent_covered_display": "100", "missing_lines": 0, "excluded_lines": 0, "percent_statements_covered": 100.0, "percent_statements_covered_display": "100"}, "missing_lines": [], "excluded_lines": [], "start_line": 21}, "prices": {"executed_lines": [], "summary": {"covered_lines": 0, "num_statements": 12, "percent_covered": 0.0, "percent_covered_display": "0", "missing_lines": 12, "excluded_lines": 0, "percent_statements_covered": 0.0, "percent_statements_covered_display": "0"}, "missing_lines": [70, 71, 73, 74, 75, 76, 77, 78, 84, 85, 86, 88], "excluded_lines": [], "start_line": 69}, "scan_all": {"executed_lines": [], "summary": {"covered_lines": 0, "num_statements": 16, "percent_covered": 0.0, "percent_covered_display": "0", "missing_lines": 16, "excluded_lines": 0, "percent_statements_covered": 0.0, "percent_statements_covered_display": "0"}, "missing_lines": [93, 94, 96, 102, 103, 104, 105, 106, 107, 108, 110, 111, 116, 126, 127, 129], "excluded_lines": [], "start_line": 92}, "scan_symbol": {"executed_lines": [], "summary": {"covered_lines": 0, "num_statements": 7, "percent_covered": 0.0, "percent_covered_display": "0", "missing_lines": 7, "excluded_lines": 0, "percent_statements_covered": 0.0, "percent_statements_covered_display": "0"}, "missing_lines": [137, 138, 140, 141, 142, 144, 145], "excluded_lines": [], "start_line": 133}, "broker_status": {"executed_lines": [], "summary": {"covered_lines": 0, "num_statements": 3, "percent_covered": 0.0, "percent_covered_display": "0", "missing_lines": 3, "excluded_lines": 0, "percent_statements_covered": 0.0, "percent_statements_covered_display": "0"}, "missing_lines": [174, 175, 176], "excluded_lines": [], "start_line": 173}, "risk_status": {"executed_lines": [197, 198, 199, 201, 202], "summary": {"covered_lines": 5, "num_statements": 5, "percent_covered": 100.0, "percent_covered_display": "100", "missing_lines": 0, "excluded_lines": 0, "percent_statements_covered": 100.0, "percent_statements_covered_display": "100"}, "missing_lines": [], "excluded_lines": [], "start_line": 195}, "": {"executed_lines": [3, 5, 7, 10, 11, 20, 21, 68, 69, 91, 92, 132, 133, 172, 173, 194, 195], "summary": {"covered_lines": 17, "num_statements": 17, "percent_covered": 100.0, "percent_covered_display": "100", "missing_lines": 0, "excluded_lines": 0, "percent_statements_covered": 100.0, "percent_statements_covered_display": "100"}, "missing_lines": [], "excluded_lines": [], "start_line": 1}}, "classes": {"": {"executed_lines": [3, 5, 7, 10, 11, 12, 13, 14, 17, 20, 21, 22, 23, 25, 26, 27, 28, 30, 68, 69, 91, 92, 132, 133, 172, 173, 194, 195, 197, 198, 199, 201, 202], "summary": {"covered_lines": 33, "num_statements": 73, "percent_covered": 45.205479452054796, "percent_covered_display": "45", "missing_lines": 40, "excluded_lines": 0, "percent_statements_covered": 45.205479452054796, "percent_statements_covered_display": "45"}, "missing_lines": [15, 16, 70, 71, 73, 74, 75, 76, 77, 78, 84, 85, 86, 88, 93, 94, 96, 102, 103, 104, 105, 106, 107, 108, 110, 111, 116, 126, 127, 129, 137, 138, 140, 141, 142, 144, 145, 174, 175, 176], "excluded_lines": [], "start_line": 1}}}, "src/notas_lave/api/trade_routes.py": {"executed_lines": [3, 5, 7, 10, 11, 12, 13, 14, 21, 22, 23, 24, 25, 40, 41, 42, 43, 44, 54, 55, 60, 61], "summary": {"covered_lines": 22, "num_statements": 25, "percent_covered": 88.0, "percent_covered_display": "88", "missing_lines": 3, "excluded_lines": 0, "percent_statements_covered": 88.0, "percent_statements_covered_display": "88"}, "missing_lines": [56, 57, 62], "excluded_lines": [], "functions": {"get_balance": {"executed_lines": [13, 14], "summary": {"covered_lines": 2, "num_statements": 2, "percent_covered": 100.0, "percent_covered_display": "100", "missing_lines": 0, "excluded_lines": 0, "percent_statements_covered": 100.0, "percent_statements_covered_display": "100"}, "missing_lines": [], "excluded_lines": [], "start_line": 12}, "get_positions": {"executed_lines": [24, 25], "summary": {"covered_lines": 2, "num_statements": 2, "percent_covered": 100.0, "percent_covered_display": "100", "missing_lines": 0, "excluded_lines": 0, "percent_statements_covered": 100.0, "percent_statements_covered_display": "100"}, "missing_lines": [], "excluded_lines": [], "start_line": 23}, "get_pnl": {"executed_lines": [42, 43, 44], "summary": {"covered_lines": 3, "num_statements": 3, "percent_covered": 100.0, "percent_covered_display": "100", "missing_lines": 0, "excluded_lines": 0, "percent_statements_covered": 100.0, "percent_statements_covered_display": "100"}, "missing_lines": [], "excluded_lines": [], "start_line": 41}, "trade_summary": {"executed_lines": [], "summary": {"covered_lines": 0, "num_statements": 2, "percent_covered": 0.0, "percent_covered_display": "0", "missing_lines": 2, "excluded_lines": 0, "percent_statements_covered": 0.0, "percent_statements_covered_display": "0"}, "missing_lines": [56, 57], "excluded_lines": [], "start_line": 55}, "trade_history": {"executed_lines": [], "summary": {"covered_lines": 0, "num_statements": 1, "percent_covered": 0.0, "percent_covered_display": "0", "missing_lines": 1, "excluded_lines": 0, "percent_statements_covered": 0.0, "percent_statements_covered_display": "0"}, "missing_lines": [62], "excluded_lines": [], "start_line": 61}, "": {"executed_lines": [3, 5, 7, 10, 11, 12, 21, 22, 23, 40, 41, 54, 55, 60, 61], "summary": {"covered_lines": 15, "num_statements": 15, "percent_covered": 100.0, "percent_covered_display": "100", "missing_lines": 0, "excluded_lines": 0, "percent_statements_covered": 100.0, "percent_statements_covered_display": "100"}, "missing_lines": [], "excluded_lines": [], "start_line": 1}}, "classes": {"": {"executed_lines": [3, 5, 7, 10, 11, 12, 13, 14, 21, 22, 23, 24, 25, 40, 41, 42, 43, 44, 54, 55, 60, 61], "summary": {"covered_lines": 22, "num_statements": 25, "percent_covered": 88.0, "percent_covered_display": "88", "missing_lines": 3, "excluded_lines": 0, "percent_statements_covered": 88.0, "percent_statements_covered_display": "88"}, "missing_lines": [56, 57, 62], "excluded_lines": [], "start_line": 1}}}, "src/notas_lave/backtester/__init__.py": {"executed_lines": [], "summary": {"covered_lines": 0, "num_statements": 0, "percent_covered": 100.0, "percent_covered_display": "100", "missing_lines": 0, "excluded_lines": 0, "percent_statements_covered": 100.0, "percent_statements_covered_display": "100"}, "missing_lines": [], "excluded_lines": [], "functions": {"": {"executed_lines": [], "summary": {"covered_lines": 0, "num_statements": 0, "percent_covered": 100.0, "percent_covered_display": "100", "missing_lines": 0, "excluded_lines": 0, "percent_statements_covered": 100.0, "percent_statements_covered_display": "100"}, "missing_lines": [], "excluded_lines": [], "start_line": 1}}, "classes": {"": {"executed_lines": [], "summary": {"covered_lines": 0, "num_statements": 0, "percent_covered": 100.0, "percent_covered_display": "100", "missing_lines": 0, "excluded_lines": 0, "percent_statements_covered": 100.0, "percent_statements_covered_display": "100"}, "missing_lines": [], "excluded_lines": [], "start_line": 1}}}, "src/notas_lave/backtester/engine.py": {"executed_lines": [40, 42, 43, 44, 45, 47, 48, 49, 50, 51, 52, 53, 54, 55, 66, 69, 80, 81, 84, 87, 92, 93, 94, 98, 99, 103, 108, 109, 111, 112, 113, 114, 115, 116, 117, 118, 119, 120, 121, 122, 123, 124, 125, 126, 127, 129, 130, 133, 134, 136, 137, 138, 139, 140, 141, 142, 143, 144, 145, 146, 147, 148, 149, 150, 151, 152, 153, 154, 155, 156, 157, 158, 159, 160, 161, 162, 164, 165, 166, 167, 168, 169, 170, 171, 172, 174, 175, 214, 216, 217, 220, 229, 270, 271, 272, 273, 274, 275, 276, 277, 278, 279, 280, 281, 282, 283, 284, 285, 286, 287, 288, 290, 311, 317, 318, 319, 320, 321, 322, 325, 326, 327, 328, 329, 330, 331, 332, 335, 336, 337, 340, 341, 342, 343, 344, 345, 346, 348, 349, 350, 355, 357, 358, 359, 362, 363, 364, 365, 366, 367, 372, 401, 402, 406, 407, 523, 528, 536, 544, 553, 562, 563, 567, 578, 579, 582, 583, 592, 594, 647, 650, 651, 652, 653, 654, 655, 660, 668, 676, 677, 678, 679, 680, 682, 692, 693, 698, 700, 701, 702, 704, 805, 821, 825, 826, 827, 828, 829, 830, 831, 832, 833, 834, 836, 848, 849, 850, 852, 853, 856, 857, 858, 859, 860, 862, 863, 870, 876, 877, 885, 893, 895, 901, 902, 908, 915, 918, 924, 927, 928, 945, 975, 976, 981, 1011, 1157], "summary": {"covered_lines": 236, "num_statements": 598, "percent_covered": 39.46488294314381, "percent_covered_display": "39", "missing_lines": 362, "excluded_lines": 2, "percent_statements_covered": 39.46488294314381, "percent_statements_covered_display": "39"}, "missing_lines": [104, 105, 373, 374, 376, 379, 380, 381, 382, 383, 385, 386, 387, 388, 390, 392, 394, 395, 396, 397, 398, 403, 408, 409, 414, 415, 416, 417, 419, 420, 421, 423, 424, 425, 426, 434, 435, 436, 438, 439, 440, 442, 443, 445, 448, 449, 450, 451, 453, 455, 456, 458, 461, 462, 463, 464, 465, 467, 470, 471, 472, 475, 476, 477, 478, 480, 481, 482, 487, 488, 489, 490, 491, 492, 493, 496, 497, 498, 499, 500, 503, 504, 505, 506, 507, 510, 511, 512, 515, 516, 518, 519, 520, 521, 529, 530, 531, 532, 533, 537, 538, 539, 540, 541, 545, 546, 547, 548, 549, 550, 554, 555, 556, 557, 558, 559, 568, 569, 570, 571, 572, 573, 584, 585, 586, 587, 588, 589, 598, 599, 601, 602, 603, 604, 605, 606, 607, 609, 610, 611, 612, 613, 616, 617, 618, 619, 621, 622, 624, 630, 631, 632, 633, 635, 637, 638, 639, 641, 642, 643, 644, 645, 656, 657, 658, 661, 662, 663, 664, 665, 669, 670, 671, 672, 673, 681, 703, 708, 712, 714, 715, 716, 717, 718, 721, 722, 723, 724, 725, 726, 727, 728, 729, 735, 736, 737, 740, 741, 742, 744, 745, 746, 753, 754, 756, 757, 758, 760, 766, 767, 768, 769, 770, 771, 772, 773, 777, 778, 780, 781, 794, 795, 796, 797, 799, 800, 801, 802, 806, 807, 808, 809, 814, 815, 816, 817, 818, 861, 864, 865, 878, 879, 880, 886, 887, 888, 889, 890, 891, 892, 896, 897, 898, 899, 904, 905, 909, 910, 911, 912, 913, 919, 920, 921, 922, 929, 930, 931, 935, 936, 937, 938, 939, 940, 941, 942, 943, 946, 947, 948, 949, 950, 951, 952, 953, 954, 956, 957, 958, 959, 960, 961, 962, 963, 964, 965, 966, 970, 971, 972, 977, 978, 979, 1040, 1041, 1043, 1044, 1047, 1048, 1050, 1051, 1053, 1054, 1055, 1057, 1059, 1060, 1063, 1064, 1065, 1067, 1068, 1071, 1074, 1082, 1083, 1085, 1086, 1087, 1099, 1100, 1101, 1103, 1105, 1106, 1111, 1112, 1113, 1114, 1115, 1116, 1117, 1118, 1119, 1120, 1123, 1131, 1134, 1135, 1136, 1138, 1170, 1171, 1173, 1175, 1192, 1193, 1194, 1195, 1196, 1197, 1199], "excluded_lines": [57, 58], "functions": {"update_blacklist": {"executed_lines": [80, 81, 84], "summary": {"covered_lines": 3, "num_statements": 3, "percent_covered": 100.0, "percent_covered_display": "100", "missing_lines": 0, "excluded_lines": 0, "percent_statements_covered": 100.0, "percent_statements_covered_display": "100"}, "missing_lines": [], "excluded_lines": [], "start_line": 69}, "_save_blacklist_state": {"executed_lines": [92, 93, 94, 98, 99, 103], "summary": {"covered_lines": 6, "num_statements": 8, "percent_covered": 75.0, "percent_covered_display": "75", "missing_lines": 2, "excluded_lines": 0, "percent_statements_covered": 75.0, "percent_statements_covered_display": "75"}, "missing_lines": [104, 105], "excluded_lines": [], "start_line": 87}, "BacktestResult.to_dict": {"executed_lines": [175], "summary": {"covered_lines": 1, "num_statements": 1, "percent_covered": 100.0, "percent_covered_display": "100", "missing_lines": 0, "excluded_lines": 0, "percent_statements_covered": 100.0, "percent_statements_covered_display": "100"}, "missing_lines": [], "excluded_lines": [], "start_line": 174}, "get_filtered_strategies": {"executed_lines": [216, 217], "summary": {"covered_lines": 2, "num_statements": 2, "percent_covered": 100.0, "percent_covered_display": "100", "missing_lines": 0, "excluded_lines": 0, "percent_statements_covered": 100.0, "percent_statements_covered_display": "100"}, "missing_lines": [], "excluded_lines": [], "start_line": 214}, "Backtester.__init__": {"executed_lines": [270, 271, 272, 273, 274, 275, 276, 277, 278, 279, 280, 281, 282, 283, 284, 285, 286, 287, 288], "summary": {"covered_lines": 19, "num_statements": 19, "percent_covered": 100.0, "percent_covered_display": "100", "missing_lines": 0, "excluded_lines": 0, "percent_statements_covered": 100.0, "percent_statements_covered_display": "100"}, "missing_lines": [], "excluded_lines": [], "start_line": 229}, "Backtester.run": {"executed_lines": [311, 317, 318, 319, 320, 321, 322, 325, 326, 327, 328, 329, 330, 331, 332, 335, 336, 337, 340, 341, 342, 343, 344, 345, 346, 348, 349, 350, 355, 357, 358, 359, 362, 363, 364, 365, 366, 367, 372, 401, 402, 406, 407, 523, 528, 536, 544, 553, 562, 563, 567, 578, 579, 582, 583, 592, 594, 647, 650, 651, 652, 653, 654, 655, 660, 668, 676, 677, 678, 679, 680, 682, 692, 693, 698, 700, 701, 702, 704, 805, 821, 825, 826, 827, 828, 829, 830, 831, 832, 833, 834], "summary": {"covered_lines": 91, "num_statements": 326, "percent_covered": 27.914110429447852, "percent_covered_display": "28", "missing_lines": 235, "excluded_lines": 0, "percent_statements_covered": 27.914110429447852, "percent_statements_covered_display": "28"}, "missing_lines": [373, 374, 376, 379, 380, 381, 382, 383, 385, 386, 387, 388, 390, 392, 394, 395, 396, 397, 398, 403, 408, 409, 414, 415, 416, 417, 419, 420, 421, 423, 424, 425, 426, 434, 435, 436, 438, 439, 440, 442, 443, 445, 448, 449, 450, 451, 453, 455, 456, 458, 461, 462, 463, 464, 465, 467, 470, 471, 472, 475, 476, 477, 478, 480, 481, 482, 487, 488, 489, 490, 491, 492, 493, 496, 497, 498, 499, 500, 503, 504, 505, 506, 507, 510, 511, 512, 515, 516, 518, 519, 520, 521, 529, 530, 531, 532, 533, 537, 538, 539, 540, 541, 545, 546, 547, 548, 549, 550, 554, 555, 556, 557, 558, 559, 568, 569, 570, 571, 572, 573, 584, 585, 586, 587, 588, 589, 598, 599, 601, 602, 603, 604, 605, 606, 607, 609, 610, 611, 612, 613, 616, 617, 618, 619, 621, 622, 624, 630, 631, 632, 633, 635, 637, 638, 639, 641, 642, 643, 644, 645, 656, 657, 658, 661, 662, 663, 664, 665, 669, 670, 671, 672, 673, 681, 703, 708, 712, 714, 715, 716, 717, 718, 721, 722, 723, 724, 725, 726, 727, 728, 729, 735, 736, 737, 740, 741, 742, 744, 745, 746, 753, 754, 756, 757, 758, 760, 766, 767, 768, 769, 770, 771, 772, 773, 777, 778, 780, 781, 794, 795, 796, 797, 799, 800, 801, 802, 806, 807, 808, 809, 814, 815, 816, 817, 818], "excluded_lines": [], "start_line": 290}, "Backtester._compute_results": {"executed_lines": [848, 849, 850, 852, 853, 856, 857, 858, 859, 860, 862, 863, 870, 876, 877, 885, 893, 895, 901, 902, 908, 915, 918, 924, 927, 928, 945, 975, 976, 981], "summary": {"covered_lines": 30, "num_statements": 96, "percent_covered": 31.25, "percent_covered_display": "31", "missing_lines": 66, "excluded_lines": 0, "percent_statements_covered": 31.25, "percent_statements_covered_display": "31"}, "missing_lines": [861, 864, 865, 878, 879, 880, 886, 887, 888, 889, 890, 891, 892, 896, 897, 898, 899, 904, 905, 909, 910, 911, 912, 913, 919, 920, 921, 922, 929, 930, 931, 935, 936, 937, 938, 939, 940, 941, 942, 943, 946, 947, 948, 949, 950, 951, 952, 953, 954, 956, 957, 958, 959, 960, 961, 962, 963, 964, 965, 966, 970, 971, 972, 977, 978, 979], "excluded_lines": [], "start_line": 836}, "Backtester.run_walk_forward": {"executed_lines": [], "summary": {"covered_lines": 0, "num_statements": 48, "percent_covered": 0.0, "percent_covered_display": "0", "missing_lines": 48, "excluded_lines": 0, "percent_statements_covered": 0.0, "percent_statements_covered_display": "0"}, "missing_lines": [1040, 1041, 1043, 1044, 1047, 1048, 1050, 1051, 1053, 1054, 1055, 1057, 1059, 1060, 1063, 1064, 1065, 1067, 1068, 1071, 1074, 1082, 1083, 1085, 1086, 1087, 1099, 1100, 1101, 1103, 1105, 1106, 1111, 1112, 1113, 1114, 1115, 1116, 1117, 1118, 1119, 1120, 1123, 1131, 1134, 1135, 1136, 1138], "excluded_lines": [], "start_line": 1011}, "Backtester._derive_blacklist_from_data": {"executed_lines": [], "summary": {"covered_lines": 0, "num_statements": 11, "percent_covered": 0.0, "percent_covered_display": "0", "missing_lines": 11, "excluded_lines": 0, "percent_statements_covered": 0.0, "percent_statements_covered_display": "0"}, "missing_lines": [1170, 1171, 1173, 1175, 1192, 1193, 1194, 1195, 1196, 1197, 1199], "excluded_lines": [], "start_line": 1157}, "": {"executed_lines": [40, 42, 43, 44, 45, 47, 48, 49, 50, 51, 52, 53, 54, 55, 66, 69, 87, 108, 109, 111, 112, 113, 114, 115, 116, 117, 118, 119, 120, 121, 122, 123, 124, 125, 126, 127, 129, 130, 133, 134, 136, 137, 138, 139, 140, 141, 142, 143, 144, 145, 146, 147, 148, 149, 150, 151, 152, 153, 154, 155, 156, 157, 158, 159, 160, 161, 162, 164, 165, 166, 167, 168, 169, 170, 171, 172, 174, 214, 220, 229, 290, 836, 1011, 1157], "summary": {"covered_lines": 84, "num_statements": 84, "percent_covered": 100.0, "percent_covered_display": "100", "missing_lines": 0, "excluded_lines": 2, "percent_statements_covered": 100.0, "percent_statements_covered_display": "100"}, "missing_lines": [], "excluded_lines": [57, 58], "start_line": 1}}, "classes": {"BacktestTrade": {"executed_lines": [], "summary": {"covered_lines": 0, "num_statements": 0, "percent_covered": 100.0, "percent_covered_display": "100", "missing_lines": 0, "excluded_lines": 0, "percent_statements_covered": 100.0, "percent_statements_covered_display": "100"}, "missing_lines": [], "excluded_lines": [], "start_line": 109}, "BacktestResult": {"executed_lines": [175], "summary": {"covered_lines": 1, "num_statements": 1, "percent_covered": 100.0, "percent_covered_display": "100", "missing_lines": 0, "excluded_lines": 0, "percent_statements_covered": 100.0, "percent_statements_covered_display": "100"}, "missing_lines": [], "excluded_lines": [], "start_line": 134}, "Backtester": {"executed_lines": [270, 271, 272, 273, 274, 275, 276, 277, 278, 279, 280, 281, 282, 283, 284, 285, 286, 287, 288, 311, 317, 318, 319, 320, 321, 322, 325, 326, 327, 328, 329, 330, 331, 332, 335, 336, 337, 340, 341, 342, 343, 344, 345, 346, 348, 349, 350, 355, 357, 358, 359, 362, 363, 364, 365, 366, 367, 372, 401, 402, 406, 407, 523, 528, 536, 544, 553, 562, 563, 567, 578, 579, 582, 583, 592, 594, 647, 650, 651, 652, 653, 654, 655, 660, 668, 676, 677, 678, 679, 680, 682, 692, 693, 698, 700, 701, 702, 704, 805, 821, 825, 826, 827, 828, 829, 830, 831, 832, 833, 834, 848, 849, 850, 852, 853, 856, 857, 858, 859, 860, 862, 863, 870, 876, 877, 885, 893, 895, 901, 902, 908, 915, 918, 924, 927, 928, 945, 975, 976, 981], "summary": {"covered_lines": 140, "num_statements": 500, "percent_covered": 28.0, "percent_covered_display": "28", "missing_lines": 360, "excluded_lines": 0, "percent_statements_covered": 28.0, "percent_statements_covered_display": "28"}, "missing_lines": [373, 374, 376, 379, 380, 381, 382, 383, 385, 386, 387, 388, 390, 392, 394, 395, 396, 397, 398, 403, 408, 409, 414, 415, 416, 417, 419, 420, 421, 423, 424, 425, 426, 434, 435, 436, 438, 439, 440, 442, 443, 445, 448, 449, 450, 451, 453, 455, 456, 458, 461, 462, 463, 464, 465, 467, 470, 471, 472, 475, 476, 477, 478, 480, 481, 482, 487, 488, 489, 490, 491, 492, 493, 496, 497, 498, 499, 500, 503, 504, 505, 506, 507, 510, 511, 512, 515, 516, 518, 519, 520, 521, 529, 530, 531, 532, 533, 537, 538, 539, 540, 541, 545, 546, 547, 548, 549, 550, 554, 555, 556, 557, 558, 559, 568, 569, 570, 571, 572, 573, 584, 585, 586, 587, 588, 589, 598, 599, 601, 602, 603, 604, 605, 606, 607, 609, 610, 611, 612, 613, 616, 617, 618, 619, 621, 622, 624, 630, 631, 632, 633, 635, 637, 638, 639, 641, 642, 643, 644, 645, 656, 657, 658, 661, 662, 663, 664, 665, 669, 670, 671, 672, 673, 681, 703, 708, 712, 714, 715, 716, 717, 718, 721, 722, 723, 724, 725, 726, 727, 728, 729, 735, 736, 737, 740, 741, 742, 744, 745, 746, 753, 754, 756, 757, 758, 760, 766, 767, 768, 769, 770, 771, 772, 773, 777, 778, 780, 781, 794, 795, 796, 797, 799, 800, 801, 802, 806, 807, 808, 809, 814, 815, 816, 817, 818, 861, 864, 865, 878, 879, 880, 886, 887, 888, 889, 890, 891, 892, 896, 897, 898, 899, 904, 905, 909, 910, 911, 912, 913, 919, 920, 921, 922, 929, 930, 931, 935, 936, 937, 938, 939, 940, 941, 942, 943, 946, 947, 948, 949, 950, 951, 952, 953, 954, 956, 957, 958, 959, 960, 961, 962, 963, 964, 965, 966, 970, 971, 972, 977, 978, 979, 1040, 1041, 1043, 1044, 1047, 1048, 1050, 1051, 1053, 1054, 1055, 1057, 1059, 1060, 1063, 1064, 1065, 1067, 1068, 1071, 1074, 1082, 1083, 1085, 1086, 1087, 1099, 1100, 1101, 1103, 1105, 1106, 1111, 1112, 1113, 1114, 1115, 1116, 1117, 1118, 1119, 1120, 1123, 1131, 1134, 1135, 1136, 1138, 1170, 1171, 1173, 1175, 1192, 1193, 1194, 1195, 1196, 1197, 1199], "excluded_lines": [], "start_line": 220}, "": {"executed_lines": [40, 42, 43, 44, 45, 47, 48, 49, 50, 51, 52, 53, 54, 55, 66, 69, 80, 81, 84, 87, 92, 93, 94, 98, 99, 103, 108, 109, 111, 112, 113, 114, 115, 116, 117, 118, 119, 120, 121, 122, 123, 124, 125, 126, 127, 129, 130, 133, 134, 136, 137, 138, 139, 140, 141, 142, 143, 144, 145, 146, 147, 148, 149, 150, 151, 152, 153, 154, 155, 156, 157, 158, 159, 160, 161, 162, 164, 165, 166, 167, 168, 169, 170, 171, 172, 174, 214, 216, 217, 220, 229, 290, 836, 1011, 1157], "summary": {"covered_lines": 95, "num_statements": 97, "percent_covered": 97.9381443298969, "percent_covered_display": "98", "missing_lines": 2, "excluded_lines": 2, "percent_statements_covered": 97.9381443298969, "percent_statements_covered_display": "98"}, "missing_lines": [104, 105], "excluded_lines": [57, 58], "start_line": 1}}}, "src/notas_lave/backtester/monte_carlo.py": {"executed_lines": [13, 14, 20, 22, 23, 24, 25, 26, 27, 28, 31, 49, 50, 57, 58, 61, 62, 63, 65, 67, 68, 71, 72, 73, 75, 76, 77, 78, 79, 80, 81, 83, 84, 86, 87, 90, 91, 93, 95, 96, 97, 100, 108, 116, 124, 125, 126, 127, 130, 131, 132, 135, 136, 139, 146], "summary": {"covered_lines": 55, "num_statements": 55, "percent_covered": 100.0, "percent_covered_display": "100", "missing_lines": 0, "excluded_lines": 0, "percent_statements_covered": 100.0, "percent_statements_covered_display": "100"}, "missing_lines": [], "excluded_lines": [], "functions": {"_block_shuffle": {"executed_lines": [22, 23, 24, 25, 26, 27, 28], "summary": {"covered_lines": 7, "num_statements": 7, "percent_covered": 100.0, "percent_covered_display": "100", "missing_lines": 0, "excluded_lines": 0, "percent_statements_covered": 100.0, "percent_statements_covered_display": "100"}, "missing_lines": [], "excluded_lines": [], "start_line": 20}, "run_monte_carlo": {"executed_lines": [49, 50, 57, 58, 61, 62, 63, 65, 67, 68, 71, 72, 73, 75, 76, 77, 78, 79, 80, 81, 83, 84, 86, 87, 90, 91, 93, 100, 108, 116, 124, 125, 126, 127, 130, 131, 132, 135, 136, 139, 146], "summary": {"covered_lines": 41, "num_statements": 41, "percent_covered": 100.0, "percent_covered_display": "100", "missing_lines": 0, "excluded_lines": 0, "percent_statements_covered": 100.0, "percent_statements_covered_display": "100"}, "missing_lines": [], "excluded_lines": [], "start_line": 31}, "run_monte_carlo.percentile": {"executed_lines": [95, 96, 97], "summary": {"covered_lines": 3, "num_statements": 3, "percent_covered": 100.0, "percent_covered_display": "100", "missing_lines": 0, "excluded_lines": 0, "percent_statements_covered": 100.0, "percent_statements_covered_display": "100"}, "missing_lines": [], "excluded_lines": [], "start_line": 93}, "": {"executed_lines": [13, 14, 20, 31], "summary": {"covered_lines": 4, "num_statements": 4, "percent_covered": 100.0, "percent_covered_display": "100", "missing_lines": 0, "excluded_lines": 0, "percent_statements_covered": 100.0, "percent_statements_covered_display": "100"}, "missing_lines": [], "excluded_lines": [], "start_line": 1}}, "classes": {"": {"executed_lines": [13, 14, 20, 22, 23, 24, 25, 26, 27, 28, 31, 49, 50, 57, 58, 61, 62, 63, 65, 67, 68, 71, 72, 73, 75, 76, 77, 78, 79, 80, 81, 83, 84, 86, 87, 90, 91, 93, 95, 96, 97, 100, 108, 116, 124, 125, 126, 127, 130, 131, 132, 135, 136, 139, 146], "summary": {"covered_lines": 55, "num_statements": 55, "percent_covered": 100.0, "percent_covered_display": "100", "missing_lines": 0, "excluded_lines": 0, "percent_statements_covered": 100.0, "percent_statements_covered_display": "100"}, "missing_lines": [], "excluded_lines": [], "start_line": 1}}}, "src/notas_lave/claude_engine/__init__.py": {"executed_lines": [], "summary": {"covered_lines": 0, "num_statements": 0, "percent_covered": 100.0, "percent_covered_display": "100", "missing_lines": 0, "excluded_lines": 0, "percent_statements_covered": 100.0, "percent_statements_covered_display": "100"}, "missing_lines": [], "excluded_lines": [], "functions": {"": {"executed_lines": [], "summary": {"covered_lines": 0, "num_statements": 0, "percent_covered": 100.0, "percent_covered_display": "100", "missing_lines": 0, "excluded_lines": 0, "percent_statements_covered": 100.0, "percent_statements_covered_display": "100"}, "missing_lines": [], "excluded_lines": [], "start_line": 1}}, "classes": {"": {"executed_lines": [], "summary": {"covered_lines": 0, "num_statements": 0, "percent_covered": 100.0, "percent_covered_display": "100", "missing_lines": 0, "excluded_lines": 0, "percent_statements_covered": 100.0, "percent_statements_covered_display": "100"}, "missing_lines": [], "excluded_lines": [], "start_line": 1}}}, "src/notas_lave/claude_engine/decision.py": {"executed_lines": [], "summary": {"covered_lines": 0, "num_statements": 111, "percent_covered": 0.0, "percent_covered_display": "0", "missing_lines": 111, "excluded_lines": 0, "percent_statements_covered": 0.0, "percent_statements_covered_display": "0"}, "missing_lines": [26, 27, 29, 31, 32, 35, 71, 77, 78, 80, 91, 92, 94, 95, 96, 97, 98, 99, 100, 101, 102, 103, 104, 105, 107, 108, 109, 111, 112, 115, 123, 126, 127, 128, 129, 130, 132, 133, 135, 136, 137, 140, 141, 144, 145, 146, 147, 150, 151, 152, 153, 154, 155, 156, 157, 158, 159, 162, 163, 164, 165, 166, 167, 168, 170, 173, 182, 183, 189, 190, 197, 201, 202, 205, 206, 208, 210, 216, 218, 220, 228, 229, 230, 231, 238, 239, 242, 245, 246, 247, 248, 249, 251, 252, 263, 264, 265, 272, 274, 275, 280, 281, 288, 293, 294, 301, 307, 308, 310, 311, 313], "excluded_lines": [], "functions": {"build_analysis_prompt": {"executed_lines": [], "summary": {"covered_lines": 0, "num_statements": 22, "percent_covered": 0.0, "percent_covered_display": "0", "missing_lines": 22, "excluded_lines": 0, "percent_statements_covered": 0.0, "percent_statements_covered_display": "0"}, "missing_lines": [77, 78, 80, 91, 92, 94, 95, 96, 97, 98, 99, 100, 101, 102, 103, 104, 105, 107, 108, 109, 111, 112], "excluded_lines": [], "start_line": 71}, "validate_claude_response": {"executed_lines": [], "summary": {"covered_lines": 0, "num_statements": 35, "percent_covered": 0.0, "percent_covered_display": "0", "missing_lines": 35, "excluded_lines": 0, "percent_statements_covered": 0.0, "percent_statements_covered_display": "0"}, "missing_lines": [123, 126, 127, 128, 129, 130, 132, 133, 135, 136, 137, 140, 141, 144, 145, 146, 147, 150, 151, 152, 153, 154, 155, 156, 157, 158, 159, 162, 163, 164, 165, 166, 167, 168, 170], "excluded_lines": [], "start_line": 115}, "evaluate_setup": {"executed_lines": [], "summary": {"covered_lines": 0, "num_statements": 36, "percent_covered": 0.0, "percent_covered_display": "0", "missing_lines": 36, "excluded_lines": 0, "percent_statements_covered": 0.0, "percent_statements_covered_display": "0"}, "missing_lines": [182, 183, 189, 190, 197, 201, 202, 205, 206, 208, 210, 216, 218, 220, 228, 229, 230, 231, 238, 239, 242, 245, 246, 247, 248, 249, 251, 252, 263, 264, 265, 272, 274, 275, 280, 281], "excluded_lines": [], "start_line": 173}, "_fallback_decision": {"executed_lines": [], "summary": {"covered_lines": 0, "num_statements": 8, "percent_covered": 0.0, "percent_covered_display": "0", "missing_lines": 8, "excluded_lines": 0, "percent_statements_covered": 0.0, "percent_statements_covered_display": "0"}, "missing_lines": [293, 294, 301, 307, 308, 310, 311, 313], "excluded_lines": [], "start_line": 288}, "": {"executed_lines": [], "summary": {"covered_lines": 0, "num_statements": 10, "percent_covered": 0.0, "percent_covered_display": "0", "missing_lines": 10, "excluded_lines": 0, "percent_statements_covered": 0.0, "percent_statements_covered_display": "0"}, "missing_lines": [26, 27, 29, 31, 32, 35, 71, 115, 173, 288], "excluded_lines": [], "start_line": 1}}, "classes": {"": {"executed_lines": [], "summary": {"covered_lines": 0, "num_statements": 111, "percent_covered": 0.0, "percent_covered_display": "0", "missing_lines": 111, "excluded_lines": 0, "percent_statements_covered": 0.0, "percent_statements_covered_display": "0"}, "missing_lines": [26, 27, 29, 31, 32, 35, 71, 77, 78, 80, 91, 92, 94, 95, 96, 97, 98, 99, 100, 101, 102, 103, 104, 105, 107, 108, 109, 111, 112, 115, 123, 126, 127, 128, 129, 130, 132, 133, 135, 136, 137, 140, 141, 144, 145, 146, 147, 150, 151, 152, 153, 154, 155, 156, 157, 158, 159, 162, 163, 164, 165, 166, 167, 168, 170, 173, 182, 183, 189, 190, 197, 201, 202, 205, 206, 208, 210, 216, 218, 220, 228, 229, 230, 231, 238, 239, 242, 245, 246, 247, 248, 249, 251, 252, 263, 264, 265, 272, 274, 275, 280, 281, 288, 293, 294, 301, 307, 308, 310, 311, 313], "excluded_lines": [], "start_line": 1}}}, "src/notas_lave/config.py": {"executed_lines": [15, 16, 17, 18, 20, 21, 22, 25, 29, 30, 33, 34, 35, 36, 37, 38, 41, 42, 47, 50, 53, 58, 61, 64, 65, 66, 67, 68, 69, 70, 75, 76, 77, 78, 81, 82, 88, 91, 92, 95, 96, 97, 103, 104, 105, 108, 109, 110, 111, 114, 117, 123, 124, 125, 127, 128, 131, 132, 141, 143, 144, 145, 146, 147, 150, 152, 153, 154, 155, 156, 157, 158, 159, 167, 168, 169], "summary": {"covered_lines": 76, "num_statements": 87, "percent_covered": 87.35632183908046, "percent_covered_display": "87", "missing_lines": 11, "excluded_lines": 0, "percent_statements_covered": 87.35632183908046, "percent_statements_covered_display": "87"}, "missing_lines": [129, 134, 135, 136, 137, 138, 160, 161, 162, 163, 164], "excluded_lines": [], "functions": {"TradingConfig.is_personal_mode": {"executed_lines": [125], "summary": {"covered_lines": 1, "num_statements": 1, "percent_covered": 100.0, "percent_covered_display": "100", "missing_lines": 0, "excluded_lines": 0, "percent_statements_covered": 100.0, "percent_statements_covered_display": "100"}, "missing_lines": [], "excluded_lines": [], "start_line": 124}, "TradingConfig.active_instruments": {"executed_lines": [], "summary": {"covered_lines": 0, "num_statements": 1, "percent_covered": 0.0, "percent_covered_display": "0", "missing_lines": 1, "excluded_lines": 0, "percent_statements_covered": 0.0, "percent_statements_covered_display": "0"}, "missing_lines": [129], "excluded_lines": [], "start_line": 128}, "TradingConfig.env_age_days": {"executed_lines": [], "summary": {"covered_lines": 0, "num_statements": 5, "percent_covered": 0.0, "percent_covered_display": "0", "missing_lines": 5, "excluded_lines": 0, "percent_statements_covered": 0.0, "percent_statements_covered_display": "0"}, "missing_lines": [134, 135, 136, 137, 138], "excluded_lines": [], "start_line": 132}, "_check_env_permissions": {"executed_lines": [143, 144, 145, 146, 147], "summary": {"covered_lines": 5, "num_statements": 5, "percent_covered": 100.0, "percent_covered_display": "100", "missing_lines": 0, "excluded_lines": 0, "percent_statements_covered": 100.0, "percent_statements_covered_display": "100"}, "missing_lines": [], "excluded_lines": [], "start_line": 141}, "_check_db_permissions": {"executed_lines": [152, 153, 154, 155, 156, 157, 158, 159], "summary": {"covered_lines": 8, "num_statements": 13, "percent_covered": 61.53846153846154, "percent_covered_display": "62", "missing_lines": 5, "excluded_lines": 0, "percent_statements_covered": 61.53846153846154, "percent_statements_covered_display": "62"}, "missing_lines": [160, 161, 162, 163, 164], "excluded_lines": [], "start_line": 150}, "": {"executed_lines": [15, 16, 17, 18, 20, 21, 22, 25, 29, 30, 33, 34, 35, 36, 37, 38, 41, 42, 47, 50, 53, 58, 61, 64, 65, 66, 67, 68, 69, 70, 75, 76, 77, 78, 81, 82, 88, 91, 92, 95, 96, 97, 103, 104, 105, 108, 109, 110, 111, 114, 117, 123, 124, 127, 128, 131, 132, 141, 150, 167, 168, 169], "summary": {"covered_lines": 62, "num_statements": 62, "percent_covered": 100.0, "percent_covered_display": "100", "missing_lines": 0, "excluded_lines": 0, "percent_statements_covered": 100.0, "percent_statements_covered_display": "100"}, "missing_lines": [], "excluded_lines": [], "start_line": 1}}, "classes": {"TradingConfig": {"executed_lines": [125], "summary": {"covered_lines": 1, "num_statements": 7, "percent_covered": 14.285714285714286, "percent_covered_display": "14", "missing_lines": 6, "excluded_lines": 0, "percent_statements_covered": 14.285714285714286, "percent_statements_covered_display": "14"}, "missing_lines": [129, 134, 135, 136, 137, 138], "excluded_lines": [], "start_line": 25}, "": {"executed_lines": [15, 16, 17, 18, 20, 21, 22, 25, 29, 30, 33, 34, 35, 36, 37, 38, 41, 42, 47, 50, 53, 58, 61, 64, 65, 66, 67, 68, 69, 70, 75, 76, 77, 78, 81, 82, 88, 91, 92, 95, 96, 97, 103, 104, 105, 108, 109, 110, 111, 114, 117, 123, 124, 127, 128, 131, 132, 141, 143, 144, 145, 146, 147, 150, 152, 153, 154, 155, 156, 157, 158, 159, 167, 168, 169], "summary": {"covered_lines": 75, "num_statements": 80, "percent_covered": 93.75, "percent_covered_display": "94", "missing_lines": 5, "excluded_lines": 0, "percent_statements_covered": 93.75, "percent_statements_covered_display": "94"}, "missing_lines": [160, 161, 162, 163, 164], "excluded_lines": [], "start_line": 1}}}, "src/notas_lave/confluence/__init__.py": {"executed_lines": [], "summary": {"covered_lines": 0, "num_statements": 0, "percent_covered": 100.0, "percent_covered_display": "100", "missing_lines": 0, "excluded_lines": 0, "percent_statements_covered": 100.0, "percent_statements_covered_display": "100"}, "missing_lines": [], "excluded_lines": [], "functions": {"": {"executed_lines": [], "summary": {"covered_lines": 0, "num_statements": 0, "percent_covered": 100.0, "percent_covered_display": "100", "missing_lines": 0, "excluded_lines": 0, "percent_statements_covered": 100.0, "percent_statements_covered_display": "100"}, "missing_lines": [], "excluded_lines": [], "start_line": 1}}, "classes": {"": {"executed_lines": [], "summary": {"covered_lines": 0, "num_statements": 0, "percent_covered": 100.0, "percent_covered_display": "100", "missing_lines": 0, "excluded_lines": 0, "percent_statements_covered": 100.0, "percent_statements_covered_display": "100"}, "missing_lines": [], "excluded_lines": [], "start_line": 1}}}, "src/notas_lave/confluence/scorer.py": {"executed_lines": [12, 13, 14, 16, 17, 21, 22, 23, 26, 34, 49, 52, 60, 61, 62, 69, 74, 81, 82, 83, 84, 85, 86, 87, 90, 96, 99, 108, 109, 110, 111, 112, 113, 114, 117, 126, 127, 130, 131, 132, 137, 139, 140, 141, 144, 145, 148, 149, 152, 156, 160, 163, 164, 165, 171, 173, 175, 178, 180, 183, 192, 193, 195, 196, 198, 202, 205, 207, 209, 212, 226, 228, 231, 232, 234, 235, 238, 241, 242, 243, 244, 245, 246, 255, 256, 257, 258, 260, 261, 262, 264, 265, 266, 268, 269, 271, 274, 275, 276, 277, 278, 281, 283, 284, 285, 287, 290, 293, 294, 295, 296, 298, 300, 303, 304, 310, 311, 313, 314, 316], "summary": {"covered_lines": 120, "num_statements": 139, "percent_covered": 86.33093525179856, "percent_covered_display": "86", "missing_lines": 19, "excluded_lines": 0, "percent_statements_covered": 86.33093525179856, "percent_statements_covered_display": "86"}, "missing_lines": [70, 71, 88, 89, 91, 92, 172, 174, 199, 206, 208, 247, 248, 282, 286, 288, 305, 306, 307], "excluded_lines": [], "functions": {"_save_learned_state": {"executed_lines": [60, 61, 62, 69], "summary": {"covered_lines": 4, "num_statements": 6, "percent_covered": 66.66666666666667, "percent_covered_display": "67", "missing_lines": 2, "excluded_lines": 0, "percent_statements_covered": 66.66666666666667, "percent_statements_covered_display": "67"}, "missing_lines": [70, 71], "excluded_lines": [], "start_line": 52}, "_load_learned_state": {"executed_lines": [81, 82, 83, 84, 85, 86, 87, 90], "summary": {"covered_lines": 8, "num_statements": 12, "percent_covered": 66.66666666666667, "percent_covered_display": "67", "missing_lines": 4, "excluded_lines": 0, "percent_statements_covered": 66.66666666666667, "percent_statements_covered_display": "67"}, "missing_lines": [88, 89, 91, 92], "excluded_lines": [], "start_line": 74}, "update_regime_weights": {"executed_lines": [108, 109, 110, 111, 112, 113, 114], "summary": {"covered_lines": 7, "num_statements": 7, "percent_covered": 100.0, "percent_covered_display": "100", "missing_lines": 0, "excluded_lines": 0, "percent_statements_covered": 100.0, "percent_statements_covered_display": "100"}, "missing_lines": [], "excluded_lines": [], "start_line": 99}, "detect_regime": {"executed_lines": [126, 127, 130, 131, 132, 137, 139, 140, 141, 144, 145, 148, 149, 152, 156, 160, 163, 164, 165, 171, 173, 175, 178, 180], "summary": {"covered_lines": 24, "num_statements": 26, "percent_covered": 92.3076923076923, "percent_covered_display": "92", "missing_lines": 2, "excluded_lines": 0, "percent_statements_covered": 92.3076923076923, "percent_statements_covered_display": "92"}, "missing_lines": [172, 174], "excluded_lines": [], "start_line": 117}, "get_htf_bias": {"executed_lines": [192, 193, 195, 196, 198, 202, 205, 207, 209], "summary": {"covered_lines": 9, "num_statements": 12, "percent_covered": 75.0, "percent_covered_display": "75", "missing_lines": 3, "excluded_lines": 0, "percent_statements_covered": 75.0, "percent_statements_covered_display": "75"}, "missing_lines": [199, 206, 208], "excluded_lines": [], "start_line": 183}, "compute_confluence": {"executed_lines": [226, 228, 231, 232, 234, 235, 238, 241, 242, 243, 244, 245, 246, 255, 256, 257, 258, 260, 261, 262, 264, 265, 266, 268, 269, 271, 274, 275, 276, 277, 278, 281, 283, 284, 285, 287, 290, 293, 294, 295, 296, 298, 300, 303, 304, 310, 311, 313, 314, 316], "summary": {"covered_lines": 50, "num_statements": 58, "percent_covered": 86.20689655172414, "percent_covered_display": "86", "missing_lines": 8, "excluded_lines": 0, "percent_statements_covered": 86.20689655172414, "percent_statements_covered_display": "86"}, "missing_lines": [247, 248, 282, 286, 288, 305, 306, 307], "excluded_lines": [], "start_line": 212}, "": {"executed_lines": [12, 13, 14, 16, 17, 21, 22, 23, 26, 34, 49, 52, 74, 96, 99, 117, 183, 212], "summary": {"covered_lines": 18, "num_statements": 18, "percent_covered": 100.0, "percent_covered_display": "100", "missing_lines": 0, "excluded_lines": 0, "percent_statements_covered": 100.0, "percent_statements_covered_display": "100"}, "missing_lines": [], "excluded_lines": [], "start_line": 1}}, "classes": {"": {"executed_lines": [12, 13, 14, 16, 17, 21, 22, 23, 26, 34, 49, 52, 60, 61, 62, 69, 74, 81, 82, 83, 84, 85, 86, 87, 90, 96, 99, 108, 109, 110, 111, 112, 113, 114, 117, 126, 127, 130, 131, 132, 137, 139, 140, 141, 144, 145, 148, 149, 152, 156, 160, 163, 164, 165, 171, 173, 175, 178, 180, 183, 192, 193, 195, 196, 198, 202, 205, 207, 209, 212, 226, 228, 231, 232, 234, 235, 238, 241, 242, 243, 244, 245, 246, 255, 256, 257, 258, 260, 261, 262, 264, 265, 266, 268, 269, 271, 274, 275, 276, 277, 278, 281, 283, 284, 285, 287, 290, 293, 294, 295, 296, 298, 300, 303, 304, 310, 311, 313, 314, 316], "summary": {"covered_lines": 120, "num_statements": 139, "percent_covered": 86.33093525179856, "percent_covered_display": "86", "missing_lines": 19, "excluded_lines": 0, "percent_statements_covered": 86.33093525179856, "percent_statements_covered_display": "86"}, "missing_lines": [70, 71, 88, 89, 91, 92, 172, 174, 199, 206, 208, 247, 248, 282, 286, 288, 305, 306, 307], "excluded_lines": [], "start_line": 1}}}, "src/notas_lave/core/__init__.py": {"executed_lines": [], "summary": {"covered_lines": 0, "num_statements": 0, "percent_covered": 100.0, "percent_covered_display": "100", "missing_lines": 0, "excluded_lines": 0, "percent_statements_covered": 100.0, "percent_statements_covered_display": "100"}, "missing_lines": [], "excluded_lines": [], "functions": {"": {"executed_lines": [], "summary": {"covered_lines": 0, "num_statements": 0, "percent_covered": 100.0, "percent_covered_display": "100", "missing_lines": 0, "excluded_lines": 0, "percent_statements_covered": 100.0, "percent_statements_covered_display": "100"}, "missing_lines": [], "excluded_lines": [], "start_line": 1}}, "classes": {"": {"executed_lines": [], "summary": {"covered_lines": 0, "num_statements": 0, "percent_covered": 100.0, "percent_covered_display": "100", "missing_lines": 0, "excluded_lines": 0, "percent_statements_covered": 100.0, "percent_statements_covered_display": "100"}, "missing_lines": [], "excluded_lines": [], "start_line": 1}}}, "src/notas_lave/core/errors.py": {"executed_lines": [8, 12, 15, 16, 17, 20, 23, 24, 25, 26, 29, 32, 33, 34, 37, 40, 41, 42, 43], "summary": {"covered_lines": 19, "num_statements": 19, "percent_covered": 100.0, "percent_covered_display": "100", "missing_lines": 0, "excluded_lines": 0, "percent_statements_covered": 100.0, "percent_statements_covered_display": "100"}, "missing_lines": [], "excluded_lines": [], "functions": {"RiskRejected.__init__": {"executed_lines": [16, 17], "summary": {"covered_lines": 2, "num_statements": 2, "percent_covered": 100.0, "percent_covered_display": "100", "missing_lines": 0, "excluded_lines": 0, "percent_statements_covered": 100.0, "percent_statements_covered_display": "100"}, "missing_lines": [], "excluded_lines": [], "start_line": 15}, "BrokerError.__init__": {"executed_lines": [24, 25, 26], "summary": {"covered_lines": 3, "num_statements": 3, "percent_covered": 100.0, "percent_covered_display": "100", "missing_lines": 0, "excluded_lines": 0, "percent_statements_covered": 100.0, "percent_statements_covered_display": "100"}, "missing_lines": [], "excluded_lines": [], "start_line": 23}, "InstrumentNotFound.__init__": {"executed_lines": [33, 34], "summary": {"covered_lines": 2, "num_statements": 2, "percent_covered": 100.0, "percent_covered_display": "100", "missing_lines": 0, "excluded_lines": 0, "percent_statements_covered": 100.0, "percent_statements_covered_display": "100"}, "missing_lines": [], "excluded_lines": [], "start_line": 32}, "InsufficientBalance.__init__": {"executed_lines": [41, 42, 43], "summary": {"covered_lines": 3, "num_statements": 3, "percent_covered": 100.0, "percent_covered_display": "100", "missing_lines": 0, "excluded_lines": 0, "percent_statements_covered": 100.0, "percent_statements_covered_display": "100"}, "missing_lines": [], "excluded_lines": [], "start_line": 40}, "": {"executed_lines": [8, 12, 15, 20, 23, 29, 32, 37, 40], "summary": {"covered_lines": 9, "num_statements": 9, "percent_covered": 100.0, "percent_covered_display": "100", "missing_lines": 0, "excluded_lines": 0, "percent_statements_covered": 100.0, "percent_statements_covered_display": "100"}, "missing_lines": [], "excluded_lines": [], "start_line": 1}}, "classes": {"TradingError": {"executed_lines": [], "summary": {"covered_lines": 0, "num_statements": 0, "percent_covered": 100.0, "percent_covered_display": "100", "missing_lines": 0, "excluded_lines": 0, "percent_statements_covered": 100.0, "percent_statements_covered_display": "100"}, "missing_lines": [], "excluded_lines": [], "start_line": 8}, "RiskRejected": {"executed_lines": [16, 17], "summary": {"covered_lines": 2, "num_statements": 2, "percent_covered": 100.0, "percent_covered_display": "100", "missing_lines": 0, "excluded_lines": 0, "percent_statements_covered": 100.0, "percent_statements_covered_display": "100"}, "missing_lines": [], "excluded_lines": [], "start_line": 12}, "BrokerError": {"executed_lines": [24, 25, 26], "summary": {"covered_lines": 3, "num_statements": 3, "percent_covered": 100.0, "percent_covered_display": "100", "missing_lines": 0, "excluded_lines": 0, "percent_statements_covered": 100.0, "percent_statements_covered_display": "100"}, "missing_lines": [], "excluded_lines": [], "start_line": 20}, "InstrumentNotFound": {"executed_lines": [33, 34], "summary": {"covered
[...]
, 93, 94, 98, 122, 134, 135, 140], "excluded_lines": [], "functions": {"_load_optimized_params": {"executed_lines": [67, 68, 70, 71], "summary": {"covered_lines": 4, "num_statements": 10, "percent_covered": 40.0, "percent_covered_display": "40", "missing_lines": 6, "excluded_lines": 0, "percent_statements_covered": 40.0, "percent_statements_covered_display": "40"}, "missing_lines": [73, 74, 75, 76, 77, 79], "excluded_lines": [], "start_line": 60}, "_build_strategies": {"executed_lines": [84, 85, 86, 87, 100, 102, 103], "summary": {"covered_lines": 7, "num_statements": 13, "percent_covered": 53.84615384615385, "percent_covered_display": "54", "missing_lines": 6, "excluded_lines": 0, "percent_statements_covered": 53.84615384615385, "percent_statements_covered_display": "54"}, "missing_lines": [88, 89, 90, 93, 94, 98], "excluded_lines": [], "start_line": 82}, "get_all_strategies": {"executed_lines": [117, 119, 120, 121, 126, 128], "summary": {"covered_lines": 6, "num_statements": 7, "percent_covered": 85.71428571428571, "percent_covered_display": "86", "missing_lines": 1, "excluded_lines": 0, "percent_statements_covered": 85.71428571428571, "percent_statements_covered_display": "86"}, "missing_lines": [122], "excluded_lines": [], "start_line": 106}, "clear_strategy_cache": {"executed_lines": [], "summary": {"covered_lines": 0, "num_statements": 2, "percent_covered": 0.0, "percent_covered_display": "0", "missing_lines": 2, "excluded_lines": 0, "percent_statements_covered": 0.0, "percent_statements_covered_display": "0"}, "missing_lines": [134, 135], "excluded_lines": [], "start_line": 131}, "get_strategies_by_category": {"executed_lines": [], "summary": {"covered_lines": 0, "num_statements": 1, "percent_covered": 0.0, "percent_covered_display": "0", "missing_lines": 1, "excluded_lines": 0, "percent_statements_covered": 0.0, "percent_statements_covered_display": "0"}, "missing_lines": [140], "excluded_lines": [], "start_line": 138}, "": {"executed_lines": [24, 25, 27, 28, 29, 30, 31, 32, 33, 35, 39, 43, 54, 60, 82, 106, 131, 138], "summary": {"covered_lines": 18, "num_statements": 18, "percent_covered": 100.0, "percent_covered_display": "100", "missing_lines": 0, "excluded_lines": 0, "percent_statements_covered": 100.0, "percent_statements_covered_display": "100"}, "missing_lines": [], "excluded_lines": [], "start_line": 1}}, "classes": {"": {"executed_lines": [24, 25, 27, 28, 29, 30, 31, 32, 33, 35, 39, 43, 54, 60, 67, 68, 70, 71, 82, 84, 85, 86, 87, 100, 102, 103, 106, 117, 119, 120, 121, 126, 128, 131, 138], "summary": {"covered_lines": 35, "num_statements": 51, "percent_covered": 68.62745098039215, "percent_covered_display": "69", "missing_lines": 16, "excluded_lines": 0, "percent_statements_covered": 68.62745098039215, "percent_statements_covered_display": "69"}, "missing_lines": [73, 74, 75, 76, 77, 79, 88, 89, 90, 93, 94, 98, 122, 134, 135, 140], "excluded_lines": [], "start_line": 1}}}, "src/notas_lave/strategies/trend_momentum_system.py": {"executed_lines": [34, 35, 36, 39, 41, 43, 44, 45, 47, 50, 57, 68, 69, 70, 71, 72, 73, 74, 75, 77, 78, 79, 81, 82, 83, 85, 86, 87, 89, 90, 93, 94, 95, 96, 97, 98, 99, 100, 102, 105, 106, 107, 108, 111, 112, 114, 115, 118, 119, 120, 121, 123, 124, 125, 128, 130, 134, 135, 136, 137, 141, 142, 144, 145, 147, 148, 149, 153, 154, 155, 156, 160, 162, 163, 164, 165, 168, 173, 174, 176, 177, 180, 182, 183, 184, 185, 186, 188, 189, 191, 211, 240], "summary": {"covered_lines": 92, "num_statements": 110, "percent_covered": 83.63636363636364, "percent_covered_display": "84", "missing_lines": 18, "excluded_lines": 0, "percent_statements_covered": 83.63636363636364, "percent_statements_covered_display": "84"}, "missing_lines": [42, 46, 103, 126, 129, 131, 150, 157, 167, 170, 175, 212, 213, 214, 215, 217, 218, 220], "excluded_lines": [], "functions": {"_compute_macd": {"executed_lines": [41, 43, 44, 45, 47], "summary": {"covered_lines": 5, "num_statements": 7, "percent_covered": 71.42857142857143, "percent_covered_display": "71", "missing_lines": 2, "excluded_lines": 0, "percent_statements_covered": 71.42857142857143, "percent_statements_covered_display": "71"}, "missing_lines": [42, 46], "excluded_lines": [], "start_line": 39}, "TrendMomentumSystem.__init__": {"executed_lines": [68, 69, 70, 71, 72, 73, 74, 75], "summary": {"covered_lines": 8, "num_statements": 8, "percent_covered": 100.0, "percent_covered_display": "100", "missing_lines": 0, "excluded_lines": 0, "percent_statements_covered": 100.0, "percent_statements_covered_display": "100"}, "missing_lines": [], "excluded_lines": [], "start_line": 57}, "TrendMomentumSystem.name": {"executed_lines": [79], "summary": {"covered_lines": 1, "num_statements": 1, "percent_covered": 100.0, "percent_covered_display": "100", "missing_lines": 0, "excluded_lines": 0, "percent_statements_covered": 100.0, "percent_statements_covered_display": "100"}, "missing_lines": [], "excluded_lines": [], "start_line": 78}, "TrendMomentumSystem.category": {"executed_lines": [83], "summary": {"covered_lines": 1, "num_statements": 1, "percent_covered": 100.0, "percent_covered_display": "100", "missing_lines": 0, "excluded_lines": 0, "percent_statements_covered": 100.0, "percent_statements_covered_display": "100"}, "missing_lines": [], "excluded_lines": [], "start_line": 82}, "TrendMomentumSystem.analyze": {"executed_lines": [86, 87, 89, 90, 93, 94, 95, 96, 97, 98, 99, 100, 102, 105, 106, 107, 108, 111, 112, 114, 115, 118, 119, 120, 121, 123, 124, 125, 128, 130, 134, 135, 136, 137, 141, 142, 144, 145, 147, 148, 149, 153, 154, 155, 156, 160, 162, 163, 164, 165, 168, 173, 174, 176, 177, 180, 182, 183, 184, 185, 186, 188, 189, 191, 211, 240], "summary": {"covered_lines": 66, "num_statements": 82, "percent_covered": 80.48780487804878, "percent_covered_display": "80", "missing_lines": 16, "excluded_lines": 0, "percent_statements_covered": 80.48780487804878, "percent_statements_covered_display": "80"}, "missing_lines": [103, 126, 129, 131, 150, 157, 167, 170, 175, 212, 213, 214, 215, 217, 218, 220], "excluded_lines": [], "start_line": 85}, "": {"executed_lines": [34, 35, 36, 39, 50, 57, 77, 78, 81, 82, 85], "summary": {"covered_lines": 11, "num_statements": 11, "percent_covered": 100.0, "percent_covered_display": "100", "missing_lines": 0, "excluded_lines": 0, "percent_statements_covered": 100.0, "percent_statements_covered_display": "100"}, "missing_lines": [], "excluded_lines": [], "start_line": 1}}, "classes": {"TrendMomentumSystem": {"executed_lines": [68, 69, 70, 71, 72, 73, 74, 75, 79, 83, 86, 87, 89, 90, 93, 94, 95, 96, 97, 98, 99, 100, 102, 105, 106, 107, 108, 111, 112, 114, 115, 118, 119, 120, 121, 123, 124, 125, 128, 130, 134, 135, 136, 137, 141, 142, 144, 145, 147, 148, 149, 153, 154, 155, 156, 160, 162, 163, 164, 165, 168, 173, 174, 176, 177, 180, 182, 183, 184, 185, 186, 188, 189, 191, 211, 240], "summary": {"covered_lines": 76, "num_statements": 92, "percent_covered": 82.6086956521739, "percent_covered_display": "83", "missing_lines": 16, "excluded_lines": 0, "percent_statements_covered": 82.6086956521739, "percent_statements_covered_display": "83"}, "missing_lines": [103, 126, 129, 131, 150, 157, 167, 170, 175, 212, 213, 214, 215, 217, 218, 220], "excluded_lines": [], "start_line": 50}, "": {"executed_lines": [34, 35, 36, 39, 41, 43, 44, 45, 47, 50, 57, 77, 78, 81, 82, 85], "summary": {"covered_lines": 16, "num_statements": 18, "percent_covered": 88.88888888888889, "percent_covered_display": "89", "missing_lines": 2, "excluded_lines": 0, "percent_statements_covered": 88.88888888888889, "percent_statements_covered_display": "89"}, "missing_lines": [42, 46], "excluded_lines": [], "start_line": 1}}}, "src/notas_lave/strategies/volume_analysis.py": {"executed_lines": [21, 22, 25, 26, 29, 30, 31, 34, 35, 38, 41, 42, 43, 44, 47, 50, 54, 64, 73, 75, 78, 80, 81, 82, 83, 84, 85, 88, 90, 91, 92, 93, 96, 106, 109, 110, 113, 116, 117, 118, 119, 122, 126, 127, 128, 129, 132, 135, 138, 149, 152, 153, 154, 157, 158, 160, 161, 162, 163, 166, 167, 170, 171, 172, 174, 175, 176, 177, 179, 180, 181, 183, 184, 185, 186, 187, 188, 192, 193, 195, 198, 208, 209, 217, 218, 219, 222, 223, 224, 229, 230, 231, 232, 233, 235, 238, 241, 242, 245, 246, 247, 248, 249, 251, 254, 257, 259, 261, 262, 265, 266, 268, 269, 273, 274, 275, 276, 278, 282, 290, 293, 295, 297, 299, 300, 302, 304], "summary": {"covered_lines": 127, "num_statements": 149, "percent_covered": 85.23489932885906, "percent_covered_display": "85", "missing_lines": 22, "excluded_lines": 0, "percent_statements_covered": 85.23489932885906, "percent_statements_covered_display": "85"}, "missing_lines": [74, 107, 123, 133, 150, 155, 190, 226, 258, 260, 270, 277, 279, 283, 284, 285, 286, 287, 288, 294, 296, 298], "excluded_lines": [], "functions": {"calculate_delta": {"executed_lines": [73, 75], "summary": {"covered_lines": 2, "num_statements": 3, "percent_covered": 66.66666666666667, "percent_covered_display": "67", "missing_lines": 1, "excluded_lines": 0, "percent_statements_covered": 66.66666666666667, "percent_statements_covered_display": "67"}, "missing_lines": [74], "excluded_lines": [], "start_line": 64}, "calculate_cvd": {"executed_lines": [80, 81, 82, 83, 84, 85], "summary": {"covered_lines": 6, "num_statements": 6, "percent_covered": 100.0, "percent_covered_display": "100", "missing_lines": 0, "excluded_lines": 0, "percent_statements_covered": 100.0, "percent_statements_covered_display": "100"}, "missing_lines": [], "excluded_lines": [], "start_line": 78}, "classify_spike": {"executed_lines": [90, 91, 92, 93], "summary": {"covered_lines": 4, "num_statements": 4, "percent_covered": 100.0, "percent_covered_display": "100", "missing_lines": 0, "excluded_lines": 0, "percent_statements_covered": 100.0, "percent_statements_covered_display": "100"}, "missing_lines": [], "excluded_lines": [], "start_line": 88}, "detect_cvd_divergence": {"executed_lines": [106, 109, 110, 113, 116, 117, 118, 119, 122, 126, 127, 128, 129, 132, 135], "summary": {"covered_lines": 15, "num_statements": 18, "percent_covered": 83.33333333333333, "percent_covered_display": "83", "missing_lines": 3, "excluded_lines": 0, "percent_statements_covered": 83.33333333333333, "percent_statements_covered_display": "83"}, "missing_lines": [107, 123, 133], "excluded_lines": [], "start_line": 96}, "calculate_volume_profile": {"executed_lines": [149, 152, 153, 154, 157, 158, 160, 161, 162, 163, 166, 167, 170, 171, 172, 174, 175, 176, 177, 179, 180, 181, 183, 184, 185, 186, 187, 188, 192, 193, 195], "summary": {"covered_lines": 31, "num_statements": 34, "percent_covered": 91.17647058823529, "percent_covered_display": "91", "missing_lines": 3, "excluded_lines": 0, "percent_statements_covered": 91.17647058823529, "percent_statements_covered_display": "91"}, "missing_lines": [150, 155, 190], "excluded_lines": [], "start_line": 138}, "analyze_volume": {"executed_lines": [208, 209, 217, 218, 219, 222, 223, 224, 229, 230, 231, 232, 233, 235, 238, 241, 242, 245, 246, 247, 248, 249, 251, 254, 257, 259, 261, 262, 265, 266, 268, 269, 273, 274, 275, 276, 278, 282, 290, 293, 295, 297, 299, 300, 302, 304], "summary": {"covered_lines": 46, "num_statements": 61, "percent_covered": 75.40983606557377, "percent_covered_display": "75", "missing_lines": 15, "excluded_lines": 0, "percent_statements_covered": 75.40983606557377, "percent_statements_covered_display": "75"}, "missing_lines": [226, 258, 260, 270, 277, 279, 283, 284, 285, 286, 287, 288, 294, 296, 298], "excluded_lines": [], "start_line": 198}, "": {"executed_lines": [21, 22, 25, 26, 29, 30, 31, 34, 35, 38, 41, 42, 43, 44, 47, 50, 54, 64, 78, 88, 96, 138, 198], "summary": {"covered_lines": 23, "num_statements": 23, "percent_covered": 100.0, "percent_covered_display": "100", "missing_lines": 0, "excluded_lines": 0, "percent_statements_covered": 100.0, "percent_statements_covered_display": "100"}, "missing_lines": [], "excluded_lines": [], "start_line": 1}}, "classes": {"VolumeAnalysis": {"executed_lines": [], "summary": {"covered_lines": 0, "num_statements": 0, "percent_covered": 100.0, "percent_covered_display": "100", "missing_lines": 0, "excluded_lines": 0, "percent_statements_covered": 100.0, "percent_statements_covered_display": "100"}, "missing_lines": [], "excluded_lines": [], "start_line": 26}, "": {"executed_lines": [21, 22, 25, 26, 29, 30, 31, 34, 35, 38, 41, 42, 43, 44, 47, 50, 54, 64, 73, 75, 78, 80, 81, 82, 83, 84, 85, 88, 90, 91, 92, 93, 96, 106, 109, 110, 113, 116, 117, 118, 119, 122, 126, 127, 128, 129, 132, 135, 138, 149, 152, 153, 154, 157, 158, 160, 161, 162, 163, 166, 167, 170, 171, 172, 174, 175, 176, 177, 179, 180, 181, 183, 184, 185, 186, 187, 188, 192, 193, 195, 198, 208, 209, 217, 218, 219, 222, 223, 224, 229, 230, 231, 232, 233, 235, 238, 241, 242, 245, 246, 247, 248, 249, 251, 254, 257, 259, 261, 262, 265, 266, 268, 269, 273, 274, 275, 276, 278, 282, 290, 293, 295, 297, 299, 300, 302, 304], "summary": {"covered_lines": 127, "num_statements": 149, "percent_covered": 85.23489932885906, "percent_covered_display": "85", "missing_lines": 22, "excluded_lines": 0, "percent_statements_covered": 85.23489932885906, "percent_statements_covered_display": "85"}, "missing_lines": [74, 107, 123, 133, 150, 155, 190, 226, 258, 260, 270, 277, 279, 283, 284, 285, 286, 287, 288, 294, 296, 298], "excluded_lines": [], "start_line": 1}}}, "src/notas_lave/strategies/williams_system.py": {"executed_lines": [30, 31, 34, 36, 38, 39, 40, 41, 42, 43, 46, 47, 50, 52, 55, 56, 57, 58, 59, 60, 62, 65, 67, 69, 70, 71, 74, 80, 81, 94, 109, 117, 118, 119, 120, 121, 123, 124, 125, 127, 128, 129, 131, 132, 133, 134, 136, 137, 138, 139, 142, 143, 146, 147, 150, 151, 152, 153, 154, 157, 158, 161, 162, 165, 166, 167, 169, 173, 174, 175, 176, 177, 180, 181, 182, 185, 192, 193, 194, 195, 197, 198, 201, 202, 203, 204, 206, 207, 212, 248, 249, 250, 251, 252, 254, 255, 257, 279, 280], "summary": {"covered_lines": 99, "num_statements": 126, "percent_covered": 78.57142857142857, "percent_covered_display": "79", "missing_lines": 27, "excluded_lines": 0, "percent_statements_covered": 78.57142857142857, "percent_statements_covered_display": "79"}, "missing_lines": [37, 44, 53, 68, 83, 86, 87, 89, 90, 91, 144, 148, 168, 170, 186, 187, 188, 189, 196, 205, 213, 214, 217, 218, 221, 224, 226], "excluded_lines": [], "functions": {"compute_williams_r": {"executed_lines": [36, 38, 39, 40, 41, 42, 43, 46, 47], "summary": {"covered_lines": 9, "num_statements": 11, "percent_covered": 81.81818181818181, "percent_covered_display": "82", "missing_lines": 2, "excluded_lines": 0, "percent_statements_covered": 81.81818181818181, "percent_statements_covered_display": "82"}, "missing_lines": [37, 44], "excluded_lines": [], "start_line": 34}, "compute_macd_value": {"executed_lines": [52, 55, 62], "summary": {"covered_lines": 3, "num_statements": 4, "percent_covered": 75.0, "percent_covered_display": "75", "missing_lines": 1, "excluded_lines": 0, "percent_statements_covered": 75.0, "percent_statements_covered_display": "75"}, "missing_lines": [53], "excluded_lines": [], "start_line": 50}, "compute_macd_value._ema": {"executed_lines": [56, 57, 58, 59, 60], "summary": {"covered_lines": 5, "num_statements": 5, "percent_covered": 100.0, "percent_covered_display": "100", "missing_lines": 0, "excluded_lines": 0, "percent_statements_covered": 100.0, "percent_statements_covered_display": "100"}, "missing_lines": [], "excluded_lines": [], "start_line": 55}, "detect_compression": {"executed_lines": [67, 69, 70, 71], "summary": {"covered_lines": 4, "num_statements": 5, "percent_covered": 80.0, "percent_covered_display": "80", "missing_lines": 1, "excluded_lines": 0, "percent_statements_covered": 80.0, "percent_statements_covered_display": "80"}, "missing_lines": [68], "excluded_lines": [], "start_line": 65}, "detect_smash_day": {"executed_lines": [80, 81], "summary": {"covered_lines": 2, "num_statements": 8, "percent_covered": 25.0, "percent_covered_display": "25", "missing_lines": 6, "excluded_lines": 0, "percent_statements_covered": 25.0, "percent_statements_covered_display": "25"}, "missing_lines": [83, 86, 87, 89, 90, 91], "excluded_lines": [], "start_line": 74}, "WilliamsSystemStrategy.__init__": {"executed_lines": [117, 118, 119, 120, 121], "summary": {"covered_lines": 5, "num_statements": 5, "percent_covered": 100.0, "percent_covered_display": "100", "missing_lines": 0, "excluded_lines": 0, "percent_statements_covered": 100.0, "percent_statements_covered_display": "100"}, "missing_lines": [], "excluded_lines": [], "start_line": 109}, "WilliamsSystemStrategy.name": {"executed_lines": [125], "summary": {"covered_lines": 1, "num_statements": 1, "percent_covered": 100.0, "percent_covered_display": "100", "missing_lines": 0, "excluded_lines": 0, "percent_statements_covered": 100.0, "percent_statements_covered_display": "100"}, "missing_lines": [], "excluded_lines": [], "start_line": 124}, "WilliamsSystemStrategy.category": {"executed_lines": [129], "summary": {"covered_lines": 1, "num_statements": 1, "percent_covered": 100.0, "percent_covered_display": "100", "missing_lines": 0, "excluded_lines": 0, "percent_statements_covered": 100.0, "percent_statements_covered_display": "100"}, "missing_lines": [], "excluded_lines": [], "start_line": 128}, "WilliamsSystemStrategy.analyze": {"executed_lines": [132, 133, 134, 136, 137, 138, 139, 142, 143, 146, 147, 150, 151, 152, 153, 154, 157, 158, 161, 162, 165, 166, 167, 169, 173, 174, 175, 176, 177, 180, 181, 182, 185, 192, 193, 194, 195, 197, 198, 201, 202, 203, 204, 206, 207, 212, 248, 249, 250, 251, 252, 254, 255, 257, 279, 280], "summary": {"covered_lines": 56, "num_statements": 73, "percent_covered": 76.71232876712328, "percent_covered_display": "77", "missing_lines": 17, "excluded_lines": 0, "percent_statements_covered": 76.71232876712328, "percent_statements_covered_display": "77"}, "missing_lines": [144, 148, 168, 170, 186, 187, 188, 189, 196, 205, 213, 214, 217, 218, 221, 224, 226], "excluded_lines": [], "start_line": 131}, "": {"executed_lines": [30, 31, 34, 50, 65, 74, 94, 109, 123, 124, 127, 128, 131], "summary": {"covered_lines": 13, "num_statements": 13, "percent_covered": 100.0, "percent_covered_display": "100", "missing_lines": 0, "excluded_lines": 0, "percent_statements_covered": 100.0, "percent_statements_covered_display": "100"}, "missing_lines": [], "excluded_lines": [], "start_line": 1}}, "classes": {"WilliamsSystemStrategy": {"executed_lines": [117, 118, 119, 120, 121, 125, 129, 132, 133, 134, 136, 137, 138, 139, 142, 143, 146, 147, 150, 151, 152, 153, 154, 157, 158, 161, 162, 165, 166, 167, 169, 173, 174, 175, 176, 177, 180, 181, 182, 185, 192, 193, 194, 195, 197, 198, 201, 202, 203, 204, 206, 207, 212, 248, 249, 250, 251, 252, 254, 255, 257, 279, 280], "summary": {"covered_lines": 63, "num_statements": 80, "percent_covered": 78.75, "percent_covered_display": "79", "missing_lines": 17, "excluded_lines": 0, "percent_statements_covered": 78.75, "percent_statements_covered_display": "79"}, "missing_lines": [144, 148, 168, 170, 186, 187, 188, 189, 196, 205, 213, 214, 217, 218, 221, 224, 226], "excluded_lines": [], "start_line": 94}, "": {"executed_lines": [30, 31, 34, 36, 38, 39, 40, 41, 42, 43, 46, 47, 50, 52, 55, 56, 57, 58, 59, 60, 62, 65, 67, 69, 70, 71, 74, 80, 81, 94, 109, 123, 124, 127, 128, 131], "summary": {"covered_lines": 36, "num_statements": 46, "percent_covered": 78.26086956521739, "percent_covered_display": "78", "missing_lines": 10, "excluded_lines": 0, "percent_statements_covered": 78.26086956521739, "percent_statements_covered_display": "78"}, "missing_lines": [37, 44, 53, 68, 83, 86, 87, 89, 90, 91], "excluded_lines": [], "start_line": 1}}}}, "totals": {"covered_lines": 3612, "num_statements": 7354, "percent_covered": 49.116127277672014, "percent_covered_display": "49", "missing_lines": 3742, "excluded_lines": 20, "percent_statements_covered": 49.116127277672014, "percent_statements_covered_display": "49"}}